<testsuite  id="1" name="interop_csiv2" hostname="ubuntu7-jenkins-agent" tests="22" failures="14" errors="1" disabled="0" skipped="0" time="1395" timestamp="2020-02-21T16:28:08">
<properties>
[...]
</properties>
  <testcase 
 name="ac_ssl_ssln_upr_noid_sb_testid2"
 classname="com.sun.ts.tests.interop.csiv2.ac_ssl_ssln_upr_noid.forward.Client"
 time="10"
 status="Failed"
>
<failure type="AssertionFailure" message="test result: Failed. Test case throws exception: ac_ssl_ssln_upr_noid_sb_testid2 failed">test result: Failed. Test case throws exception: ac_ssl_ssln_upr_noid_sb_testid2 failed</failure>
<system-out>
#Test Results (version 2)
#Fri Feb 21 16:03:09 GMT 2020
#-----testdescription-----
$file=/CI/workspace/TCK-Suite/cts_home/jakartaeetck/src/com/sun/ts/tests/interop/csiv2/ac_ssl_ssln_upr_noid/forward/Client.java
$root=/CI/workspace/TCK-Suite/cts_home/jakartaeetck/src
assertion_ids=CSIv2\:SPEC\:43  See assertion html documents.\nEJB\:SPEC\:740  EJB containers must be capable of inserting the CSIv2 tagged components\n     into the IORs for EJBObject and EJBHome references, based on the deployer \n     or administrator&apos;s security policy settings.\n     EJB containers must follow the Conformance Level 0 rules described in \n     the CSIv2 specification for constructing these IORs\nEJB\:SPEC\:742  In scenarios where client authentication does not occur at the\n     transport layer it is necessary to support transfer of authentication data \n     between two containers in the IIOP message service context.  When an\n     intermediate client container does not have authentication data for the \n     initiating client, it is necessary to support propagation of client\n     principals in the IIOP message service context\nEJB\:SPEC\:745  Case 2\: Application client invocations on enterprise beans with\n\t  server-only authentication between the application client and EJB \n\t  container (C and S1) at the SSL layer (scenario 2.2 in section 15.3.2,\n\t  interoperability requirement 4.2 in section 15.4).  This usually \n\t  happens when the client cannot authenticate in the transport.  In this\n\t  case, the client container must be capable of insert-ing into the IIOP \n\t  message a CSIv2 security context with a client authenti cation token\n\t  that con-tains the client C s authentication data.  Once the EJB \n\t  container S1 has authenticated the client, it may or may not maintain\n\t  state about the client, so subsequent invocations from the client on \n\t  the same network connection may need to be authenticated again.  The\n\t  client and server con-tainers must follow the Conformance Level 0 \n\t  rules in the CSIv2 specification for client authen-tication.  In\n\t  particular, support for the GSSUP username-password authentication \n\t  mechanism is required.  Support for other GSSAPI mechanisms (such as\n\t  Kerberos) to perform client authen-tication at the IIOP layer is \n\t  optional.\nEJB\:SPEC\:750  Client containers determine whether to use SSL for an enterprise bean\n     invocation by using the security policies configured by the client \n     administrator for interactions with the target host or enterprise bean, and\n     the target_requires information in the CSIv2 tagged component in the target \n     enterprise bean&apos;s IOR.\nEJB\:SPEC\:751  If either the client configuration requires secure interactions with\n     the enterprise bean, or the enterprise bean requires a secure transport, \n     the client should initiate an SSL connection to the server.  The client\n     must follow the rules described in the CSIv2 specification Conformance \n     Level 0 for interpreting security information in IORs and including\n     security context information in IIOP messages
classname=com.sun.ts.tests.interop.csiv2.ac_ssl_ssln_upr_noid.forward.Client
direction=forward
finder=cts
id=ac_ssl_ssln_upr_noid_sb_testid2
keywords=all csiv2 javaee ac_ssl_ssln_upr_noid_sb_testid2 novehicle forward
service_eetest=no
testName=ac_ssl_ssln_upr_noid_sb_testid2
testProps=\ org.omg.CORBA.ORBClass  java.naming.factory.initial  generateSQL  user  password
test_directory=com/sun/ts/tests/interop/csiv2/ac_ssl_ssln_upr_noid/forward

#-----environment-----
EJBServer1TxInteropEnabled=true
EJBServer2TxInteropEnabled=true
JAVA_HOME=/usr/lib/jvm/zulu-8-amd64/jre
SYSTEMROOT=${env.SystemRoot}
TMP=${env.TMP}
bin.dir=/CI/workspace/TCK-Suite/cts_home/jakartaeetck/bin/xml/../../bin
command.testExecuteAppClient=com.sun.ts.lib.harness.ExecTSTestCmd DISPLAY\=${ts.display} HOME\=&quot;${user.home}&quot; LD_LIBRARY_PATH\=${javaee.home}/lib TMP\=${TMP} windir\=${windir} SYSTEMROOT\=${SYSTEMROOT} PATH\=&quot;${javaee.home}/nativelib&quot; APPCPATH\=${ts.home}/lib/tsharness.jar${pathsep}${ts.home}/lib/cts.jar${pathsep}${javaee.home}/lib/jpa_alternate_provider.jar${pathsep}${ts.home}/lib/tssv.jar${pathsep}${javaee.home}/modules/weld-osgi-bundle.jar${pathsep}${javaee.home}/modules/cdi-api.jar TZ\=${tz} ${JAVA_HOME}/bin/java -Xbootclasspath/p\:${javaee.home}/modules/jakarta.annotation-api.jar -Djava.system.class.loader\=org.glassfish.appclient.client.acc.agent.ACCAgentClassLoader  -Djava.security.policy\=${javaee.home}/lib/appclient/client.policy -Dcts.tmp\=$harness.temp.directory -Djava.security.auth.login.config\=${javaee.home}/lib/appclient/appclientlogin.conf -Djava.protocol.handler.pkgs\=javax.net.ssl -Dcom.sun.enterprise.home\=${javaee.home} -Djavax.net.ssl.keyStore\=${bin.dir}/certificates/clientcert.jks -Djavax.net.ssl.keyStorePassword\=changeit -Dcom.sun.aas.installRoot\=${javaee.home} -Dcom.sun.aas.imqLib\=${javaee.home}/../mq/lib -Djavax.net.ssl.trustStore\=${s1as.domain}/${sjsas.instance.config.dir}/cacerts.jks -Djava.endorsed.dirs\=${s1as.java.endorsed.dirs} -Djavax.xml.parsers.SAXParserFactory\=com.sun.org.apache.xerces.internal.jaxp.SAXParserFactoryImpl -Djavax.xml.parsers.DocumentBuilderFactory\=com.sun.org.apache.xerces.internal.jaxp.DocumentBuilderFactoryImpl -Djavax.xml.transform.TransformerFactory\=com.sun.org.apache.xalan.internal.xsltc.trax.TransformerFactoryImpl -Dorg.xml.sax.driver\=com.sun.org.apache.xerces.internal.parsers.SAXParser -Dorg.xml.sax.parser\=org.xml.sax.helpers.XMLReaderAdapter -Doracle.jdbc.J2EE13Compliant\=true -Doracle.jdbc.mapDateToTimestamp -Djava.security.manager -Djava.security.manager -Dstartup.login\=false -Dauth.gui\=false -Dlog.file.location\=${log.file.location} -Dri.log.file.location\=${ri.log.file.location} -DwebServerHost.2\=${webServerHost.2} -DwebServerPort.2\=${webServerPort.2} -Dprovider.configuration.file\=${provider.configuration.file} -Djava.security.properties\=${s1as.domain}/${sjsas.instance.config.dir}/ts.java.security -Djava.ext.dirs\=${s1as.lib}/jdbcdrivers${pathsep}${JAVA_HOME}/lib/ext${pathsep}${JAVA_HOME}/jre/lib/ext${pathsep}${javaee.home}/lib/jdbcdrivers${pathsep}${javaee.home}/javadb/lib -Dcom.sun.aas.configRoot\=${javaee.home}/config -Ddeliverable.class\=${deliverable.class} -javaagent\:${javaee.home}/lib/gf-client.jar\=arg\=-configxml,arg\=${ts.home}/tmp/appclient/s1as.sun-acc.xml,client\=jar\=$testExecuteArgs
deliverable.class=com.sun.ts.lib.deliverable.cts.CTSDeliverable
deployManagerJarFile.1=${javaee.home}/lib/deployment/sun-as-jsr88-dm.jar
deployManagerJarFile.2=${javaee.home.ri}/lib/deployment/sun-as-jsr88-dm.jar
deployManagerpasswd.1=${s1as.admin.passwd}
deployManagerpasswd.2=${ri.admin.passwd}
deployManageruname.1=${s1as.admin.user}
deployManageruname.2=${ri.admin.user}
deployManageruri.1=deployer\:Sun\:AppServer\:\:${deployment_host.1}\:${s1as.admin.port}
deployManageruri.2=deployer\:Sun\:AppServer\:\:${deployment_host.2}\:${ri.admin.port}
deployment_host.1=${orb.host}
deployment_host.2=${orb.host.ri}
deployment_port.1=${impl.vi.port}
deployment_port.2=${impl.ri.port}
derby.dbName=derbyDB
derby.driver=org.apache.derby.jdbc.ClientDriver
derby.passwd=cts1
derby.port=1527
derby.server=${orb.host}
derby.url=jdbc\:derby\://${derby.server}\:${derby.port}/${derby.dbName};create\=true
derby.user=cts1
endorsed.dirs=${javaee.home}/modules/endorsed
harness.executeMode=0
harness.log.delayseconds=1
harness.log.port=2000
harness.log.traceflag=false
harness.socket.retry.count=10
harness.temp.directory=${ts.home}/tmp
http.server.supports.endpoint.publish=false
http.server.supports.endpoint.publish.2=false
impl.ri.port=${ri.admin.port}
impl.vi.port=${s1as.admin.port}
java.naming.factory.initial=foo
javaee.home=/CI/workspace/TCK-Suite/cts_home/vi/payara5/glassfish
javaee.home.ri=/CI/workspace/TCK-Suite/cts_home/ri/glassfish5/glassfish
javaee.level=full jaxr jaxrpc javaeedeploy
javax.persistence.jdbc.driver=${derby.driver}
javax.persistence.jdbc.password=${derby.passwd}
javax.persistence.jdbc.url=${derby.url}
javax.persistence.jdbc.user=${derby.user}
javax.persistence.provider=org.eclipse.persistence.jpa.PersistenceProvider
jpa.provider.implementation.specific.properties=eclipselink.logging.level\=OFF
log.file.location=${vi.log.file.location}
namingServiceHost1=${orb.host}
namingServiceHost2=${orb.host.ri}
namingServicePort1=${orb.port}
namingServicePort2=${orb.port.ri}
orb.host=localhost
orb.host.ri=localhost
orb.port=3699
orb.port.ri=3701
org.omg.CORBA.ORBClass=foo
password=j2ee
password1=${derby.passwd}
password2=${derby.passwd}
pathsep=\:
persistence.second.level.caching.supported=true
persistence.unit.name=CTS-EM
persistence.unit.name.2=JPATCK2
platform.mode=javaEE
porting.ts.HttpsURLConnection.class.1=com.sun.ts.lib.implementation.sun.javaee.SunRIHttpsURLConnection
porting.ts.HttpsURLConnection.class.2=com.sun.ts.lib.implementation.sun.javaee.SunRIHttpsURLConnection
porting.ts.deploy.class.1=com.sun.ts.lib.implementation.sun.javaee.glassfish.AutoDeployment
porting.ts.deploy.class.2=com.sun.ts.lib.implementation.sun.javaee.glassfish.AutoDeploymentSeparateVM
porting.ts.deploy2.class.1=com.sun.ts.lib.implementation.sun.javaee.SunRIDeployment2
porting.ts.deploy2.class.2=com.sun.ts.lib.implementation.sun.javaee.SunRIDeployment2
porting.ts.jms.class.1=com.sun.ts.lib.implementation.sun.javaee.SunRIJMSAdmin
porting.ts.jms.class.2=com.sun.ts.lib.implementation.sun.javaee.SunRIJMSAdmin
porting.ts.login.class.1=com.sun.ts.lib.implementation.sun.javaee.SunRILoginContext
porting.ts.login.class.2=com.sun.ts.lib.implementation.sun.javaee.SunRILoginContext
porting.ts.url.class.1=com.sun.ts.lib.implementation.sun.common.SunRIURL
porting.ts.url.class.2=com.sun.ts.lib.implementation.sun.common.SunRIURL
provider.configuration.file=${javaee.home}/domains/domain1/config/ProviderConfiguration.xml
ri.admin.passwd=adminadmin
ri.admin.port=5858
ri.admin.user=admin
ri.domain=${ri.domain.dir}/${ri.domain.name}
ri.domain.dir=${javaee.home.ri}/domains
ri.domain.name=domain1
ri.log.file.location=${ri.domain}/logs
s1as.admin.passwd=adminadmin
s1as.admin.port=4848
s1as.admin.user=admin
s1as.domain=${s1as.domain.dir}/${s1as.domain.name}
s1as.domain.dir=${javaee.home}/domains
s1as.domain.name=domain1
s1as.java.endorsed.dirs=${endorsed.dirs}
s1as.lib=${javaee.home}/lib
securedWebServicePort=1044
securedWebServicePort.2=1045
sjsas.instance.config.dir=config
ts.display=\:0.0
ts.home=/CI/workspace/TCK-Suite/cts_home/jakartaeetck/bin/xml/../..
tz=UTC
user=j2ee
user.home=/home/jenkins
user1=${derby.user}
user2=${derby.user}
variable.mapper=com.sun.el.lang.VariableMapperImpl
vi.admin.passwd=
vi.admin.user=admin
vi.domain=${vi.domain.dir}/${vi.domain.name}
vi.domain.dir=${javaee.home}/domains
vi.domain.name=domain1
vi.log.file.location=${vi.domain}/logs
webServerHost=${orb.host}
webServerHost.2=${orb.host.ri}
webServerPort=8001
webServerPort.2=8002
windir=${env.windir}
wsdlRepository1=${harness.temp.directory}/wsdlRepository1
wsdlRepository2=${harness.temp.directory}/wsdlRepository2

#-----testresult-----
description=file\:/CI/workspace/TCK-Suite/cts_home/jakartaeetck/src/com/sun/ts/tests/interop/csiv2/ac_ssl_ssln_upr_noid/forward/Client.java\#ac_ssl_ssln_upr_noid_sb_testid2
end=Fri Feb 21 16\:03\:09 GMT 2020
environment=ts_unix
execStatus=Failed. Test case throws exception\: ac_ssl_ssln_upr_noid_sb_testid2 failed
harnessLoaderMode=Classpath Loader
harnessVariety=Full Bundle
javatestOS=Linux 5.3.0-28-generic (amd64)
javatestVersion=5.0
script=com.sun.ts.lib.harness.TSScript
sections=script_messages Deployment TestRun
start=Fri Feb 21 16\:02\:59 GMT 2020
test=com/sun/ts/tests/interop/csiv2/ac_ssl_ssln_upr_noid/forward/Client.java\#ac_ssl_ssln_upr_noid_sb_testid2
timeoutSeconds=1200
totalTime=10290
work=/CI/workspace/TCK-Suite/cts_home/jakartaeetck-work/interop_csiv2/com/sun/ts/tests/interop/csiv2/ac_ssl_ssln_upr_noid/forward

#section:script_messages
----------messages:(0/0)----------

#section:Deployment
----------messages:(0/0)----------
----------log:(31/1948)----------
Undeploying apps...
AutoDeployment.isDeployed()
Search for s1as runtime files match:`logger_servlet_rionly_j2ee2_web.war`
Valid runtime files after sweep:
/CI/workspace/TCK-Suite/cts_home/jakartaeetck/bin/xml/../../dist/com/sun/ts/tests/interop/csiv2/rionly/logger_servlet_rionly_j2ee2_web.war.sun-web.xml
Deploying apps...
Search for s1as runtime files match:`logger_servlet_rionly_j2ee2_web.war`
Valid runtime files after sweep:
/CI/workspace/TCK-Suite/cts_home/jakartaeetck/bin/xml/../../tmp/logger_servlet_rionly_j2ee2_web.war.sun-web.xml
Undeploying apps...
AutoDeployment.isDeployed()
AutoDeployment.isDeployed()
Search for s1as runtime files match:`interop_csiv2_ac_ssl_ssln_upr_noid_f.ear`
Valid runtime files after sweep:
/CI/workspace/TCK-Suite/cts_home/jakartaeetck/bin/xml/../../dist/com/sun/ts/tests/interop/csiv2/ac_ssl_ssln_upr_noid/forward/interop_csiv2_ac_ssl_ssln_upr_noid_f_client.jar.sun-application-client.xml
Search for s1as runtime files match:`interop_csiv2_ac_ssl_ssln_upr_noid_f_j2ee2.ear`
Valid runtime files after sweep:
/CI/workspace/TCK-Suite/cts_home/jakartaeetck/bin/xml/../../dist/com/sun/ts/tests/interop/csiv2/ac_ssl_ssln_upr_noid/forward/interop_csiv2_ac_ssl_ssln_upr_noid_f_j2ee2_ejb.jar.sun-ejb-jar.xml
Deploying apps...
Search for s1as runtime files match:`interop_csiv2_ac_ssl_ssln_upr_noid_f.ear`
Valid runtime files after sweep:
/CI/workspace/TCK-Suite/cts_home/jakartaeetck/bin/xml/../../tmp/interop_csiv2_ac_ssl_ssln_upr_noid_f_client.jar.sun-application-client.xml
getAppNameFromApplicationXML() returning &quot;null&quot;
V3Deployment sPropNum = 1
V3Deployment uname:  admin
V3Deployment passwd:  adminadmin
V3Deployment host:  localhost
V3Deployment port:  4848
Search for s1as runtime files match:`interop_csiv2_ac_ssl_ssln_upr_noid_f_j2ee2.ear`
Valid runtime files after sweep:
/CI/workspace/TCK-Suite/cts_home/jakartaeetck/bin/xml/../../tmp/interop_csiv2_ac_ssl_ssln_upr_noid_f_j2ee2_ejb.jar.sun-ejb-jar.xml
result: Passed. Deployment phase completed. However, check the output above to see if actual deployment passed or failed.

#section:TestRun
----------messages:(1/4213)----------
command: com.sun.ts.lib.harness.ExecTSTestCmd DISPLAY=:0.0 HOME=/home/jenkins LD_LIBRARY_PATH=/CI/workspace/TCK-Suite/cts_home/vi/payara5/glassfish/lib TMP= windir= SYSTEMROOT= PATH=/CI/workspace/TCK-Suite/cts_home/vi/payara5/glassfish/nativelib APPCPATH=/CI/workspace/TCK-Suite/cts_home/jakartaeetck/bin/xml/../../lib/tsharness.jar:/CI/workspace/TCK-Suite/cts_home/jakartaeetck/bin/xml/../../lib/cts.jar:/CI/workspace/TCK-Suite/cts_home/vi/payara5/glassfish/lib/jpa_alternate_provider.jar:/CI/workspace/TCK-Suite/cts_home/jakartaeetck/bin/xml/../../lib/tssv.jar:/CI/workspace/TCK-Suite/cts_home/vi/payara5/glassfish/modules/weld-osgi-bundle.jar:/CI/workspace/TCK-Suite/cts_home/vi/payara5/glassfish/modules/cdi-api.jar TZ=UTC /usr/lib/jvm/zulu-8-amd64/jre/bin/java -Xbootclasspath/p:/CI/workspace/TCK-Suite/cts_home/vi/payara5/glassfish/modules/jakarta.annotation-api.jar -Djava.system.class.loader=org.glassfish.appclient.client.acc.agent.ACCAgentClassLoader -Djava.security.policy=/CI/workspace/TCK-Suite/cts_home/vi/payara5/glassfish/lib/appclient/client.policy -Dcts.tmp=/CI/workspace/TCK-Suite/cts_home/jakartaeetck/bin/xml/../../tmp -Djava.security.auth.login.config=/CI/workspace/TCK-Suite/cts_home/vi/payara5/glassfish/lib/appclient/appclientlogin.conf -Djava.protocol.handler.pkgs=javax.net.ssl -Dcom.sun.enterprise.home=/CI/workspace/TCK-Suite/cts_home/vi/payara5/glassfish -Djavax.net.ssl.keyStore=/CI/workspace/TCK-Suite/cts_home/jakartaeetck/bin/xml/../../bin/certificates/clientcert.jks -Djavax.net.ssl.keyStorePassword=changeit -Dcom.sun.aas.installRoot=/CI/workspace/TCK-Suite/cts_home/vi/payara5/glassfish -Dcom.sun.aas.imqLib=/CI/workspace/TCK-Suite/cts_home/vi/payara5/glassfish/../mq/lib -Djavax.net.ssl.trustStore=/CI/workspace/TCK-Suite/cts_home/vi/payara5/glassfish/domains/domain1/config/cacerts.jks -Djava.endorsed.dirs=/CI/workspace/TCK-Suite/cts_home/vi/payara5/glassfish/modules/endorsed -Djavax.xml.parsers.SAXParserFactory=com.sun.org.apache.xerces.internal.jaxp.SAXParserFactoryImpl -Djavax.xml.parsers.DocumentBuilderFactory=com.sun.org.apache.xerces.internal.jaxp.DocumentBuilderFactoryImpl -Djavax.xml.transform.TransformerFactory=com.sun.org.apache.xalan.internal.xsltc.trax.TransformerFactoryImpl -Dorg.xml.sax.driver=com.sun.org.apache.xerces.internal.parsers.SAXParser -Dorg.xml.sax.parser=org.xml.sax.helpers.XMLReaderAdapter -Doracle.jdbc.J2EE13Compliant=true -Doracle.jdbc.mapDateToTimestamp -Djava.security.manager -Djava.security.manager -Dstartup.login=false -Dauth.gui=false -Dlog.file.location=/CI/workspace/TCK-Suite/cts_home/vi/payara5/glassfish/domains/domain1/logs -Dri.log.file.location=/CI/workspace/TCK-Suite/cts_home/ri/glassfish5/glassfish/domains/domain1/logs -DwebServerHost.2=localhost -DwebServerPort.2=8002 -Dprovider.configuration.file=/CI/workspace/TCK-Suite/cts_home/vi/payara5/glassfish/domains/domain1/config/ProviderConfiguration.xml -Djava.security.properties=/CI/workspace/TCK-Suite/cts_home/vi/payara5/glassfish/domains/domain1/config/ts.java.security -Djava.ext.dirs=/CI/workspace/TCK-Suite/cts_home/vi/payara5/glassfish/lib/jdbcdrivers:/usr/lib/jvm/zulu-8-amd64/jre/lib/ext:/usr/lib/jvm/zulu-8-amd64/jre/jre/lib/ext:/CI/workspace/TCK-Suite/cts_home/vi/payara5/glassfish/lib/jdbcdrivers:/CI/workspace/TCK-Suite/cts_home/vi/payara5/glassfish/javadb/lib -Dcom.sun.aas.configRoot=/CI/workspace/TCK-Suite/cts_home/vi/payara5/glassfish/config -Ddeliverable.class=com.sun.ts.lib.deliverable.cts.CTSDeliverable -javaagent:/CI/workspace/TCK-Suite/cts_home/vi/payara5/glassfish/lib/gf-client.jar=arg=-configxml,arg=/CI/workspace/TCK-Suite/cts_home/jakartaeetck/bin/xml/../../tmp/appclient/s1as.sun-acc.xml,client=jar=/CI/workspace/TCK-Suite/cts_home/jakartaeetck/bin/xml/../../dist/com/sun/ts/tests/interop/csiv2/ac_ssl_ssln_upr_noid/forward/ts_dep/interop_csiv2_ac_ssl_ssln_upr_noid_fClient.jar,arg=-name,arg=interop_csiv2_ac_ssl_ssln_upr_noid_f_client -jar /CI/workspace/TCK-Suite/cts_home/jakartaeetck/bin/xml/../../dist/com/sun/ts/tests/interop/csiv2/ac_ssl_ssln_upr_noid/forward/ts_dep/interop_csiv2_ac_ssl_ssln_upr_noid_fClient.jar -p /CI/workspace/TCK-Suite/cts_home/jakartaeetck/bin/xml/../../tmp/tstest.jte -t ac_ssl_ssln_upr_noid_sb_testid2
----------log:(147/10700)----------
Feb 21, 2020 4:03:02 PM org.glassfish.enterprise.iiop.api.GlassFishORBHelper postConstruct
INFO: GlassFishORBFactory service initialized.
************************************************************
* props file set to &quot;/tmp/jenkins-cts-props.txt&quot;
************************************************************
02-21-2020 16:03:05:  setup...
SunRI Login: j2ee/j2ee
02-21-2020 16:03:05:  ac_ssl_ssln_upr_noid_sb_testid2
02-21-2020 16:03:05:  Client initiated.
02-21-2020 16:03:05:  AppClient (VI) ====&gt; RemoteSessionBean (RI).
02-21-2020 16:03:05:  CSIv2AppClient.invoke()
02-21-2020 16:03:05:  ------[  Begin invoke  ]-----
02-21-2020 16:03:05:  INVOKING java:comp/env/ejb/RemoteSession
02-21-2020 16:03:08:  Calling sessionHome.create(p,true)
02-21-2020 16:03:08:  ERROR: java.rmi.RemoteException: CORBA INTERNAL 1330446948 No; nested exception is: 
	org.omg.CORBA.INTERNAL: WARNING: 00710612: Can&apos;t pop only PICurrent  vmcid: OMG  minor code: 612  completed: No
	at com.sun.corba.ee.impl.javax.rmi.CORBA.Util.mapSystemException(Util.java:311)
	at com.sun.corba.ee.impl.presentation.rmi.StubInvocationHandlerImpl.privateInvoke(StubInvocationHandlerImpl.java:201)
	at com.sun.corba.ee.impl.presentation.rmi.StubInvocationHandlerImpl.invoke(StubInvocationHandlerImpl.java:140)
	at com.sun.corba.ee.impl.presentation.rmi.codegen.CodegenStubBase.invoke(CodegenStubBase.java:226)
	at com.sun.ts.tests.interop.csiv2.common._CSIv2SessionHome_DynamicStub.create(com/sun/ts/tests/interop/csiv2/common/_CSIv2SessionHome_DynamicStub.java)
	at com.sun.ts.tests.interop.csiv2.common.CSIv2TestLogicImpl.invoke(CSIv2TestLogicImpl.java:103)
	at com.sun.ts.tests.interop.csiv2.common.CSIv2AppClient.invoke(CSIv2AppClient.java:43)
	at com.sun.ts.tests.interop.csiv2.ac_ssl_ssln_upr_noid.forward.Client.ac_ssl_ssln_upr_noid_sb_testid2(Client.java:148)
	at sun.reflect.NativeMethodAccessorImpl.invoke0(Native Method)
	at sun.reflect.NativeMethodAccessorImpl.invoke(NativeMethodAccessorImpl.java:62)
	at sun.reflect.DelegatingMethodAccessorImpl.invoke(DelegatingMethodAccessorImpl.java:43)
	at java.lang.reflect.Method.invoke(Method.java:498)
	at com.sun.ts.lib.harness.EETest.run(EETest.java:596)
	at com.sun.ts.lib.harness.EETest.getPropsReady(EETest.java:486)
	at com.sun.ts.lib.harness.EETest.run(EETest.java:337)
	at com.sun.ts.lib.harness.EETest.run(EETest.java:285)
	at com.sun.ts.tests.interop.csiv2.ac_ssl_ssln_upr_noid.forward.Client.main(Client.java:53)
	at sun.reflect.NativeMethodAccessorImpl.invoke0(Native Method)
	at sun.reflect.NativeMethodAccessorImpl.invoke(NativeMethodAccessorImpl.java:62)
	at sun.reflect.DelegatingMethodAccessorImpl.invoke(DelegatingMethodAccessorImpl.java:43)
	at java.lang.reflect.Method.invoke(Method.java:498)
	at org.glassfish.appclient.client.acc.AppClientContainer.launch(AppClientContainer.java:447)
	at org.glassfish.appclient.client.AppClientFacade.launch(AppClientFacade.java:184)
	at org.glassfish.appclient.client.AppClientGroupFacade.main(AppClientGroupFacade.java:65)
Caused by: org.omg.CORBA.INTERNAL: WARNING: 00710612: Can&apos;t pop only PICurrent  vmcid: OMG  minor code: 612  completed: No
	at com.sun.proxy.$Proxy77.cantPopOnlyPicurrent(Unknown Source)
	at com.sun.corba.ee.impl.interceptors.SlotTableStack.popSlotTable(SlotTableStack.java:112)
	at com.sun.corba.ee.impl.interceptors.PICurrent.popSlotTable(PICurrent.java:137)
	at com.sun.corba.ee.impl.interceptors.InterceptorInvoker.invokeClientInterceptorEndingPoint(InterceptorInvoker.java:452)
	at com.sun.corba.ee.impl.interceptors.PIHandlerImpl.handleClientPIEndingPoint(PIHandlerImpl.java:446)
	at com.sun.corba.ee.impl.interceptors.PIHandlerImpl.invokeClientPIEndingPoint(PIHandlerImpl.java:424)
	at com.sun.corba.ee.impl.encoding.BufferManagerWriteStream.overflow(BufferManagerWriteStream.java:99)
	at com.sun.corba.ee.impl.encoding.CDROutputStream_1_2.grow(CDROutputStream_1_2.java:266)
	at com.sun.corba.ee.impl.encoding.CDROutputStream_1_2.alignAndReserve(CDROutputStream_1_2.java:229)
	at com.sun.corba.ee.impl.encoding.CDROutputStream_1_0.write_long(CDROutputStream_1_0.java:356)
	at com.sun.corba.ee.impl.encoding.CDROutputStream_1_2.write_long(CDROutputStream_1_2.java:188)
	at com.sun.corba.ee.impl.encoding.CDROutputStream_1_0.writeNestingLevel(CDROutputStream_1_0.java:1392)
	at com.sun.corba.ee.impl.encoding.CDROutputStream_1_0.writeEndTag(CDROutputStream_1_0.java:1360)
	at com.sun.corba.ee.impl.encoding.CDROutputStream_1_0.end_value(CDROutputStream_1_0.java:1686)
	at com.sun.corba.ee.impl.encoding.CDROutputObject.end_value(CDROutputObject.java:652)
	at com.sun.corba.ee.impl.io.OutputStreamHook$WroteCustomDataState.exitWriteObjectOverride(OutputStreamHook.java:374)
	at com.sun.corba.ee.impl.io.OutputStreamHook$WriteObjectState.exitWriteObject(OutputStreamHook.java:244)
	at com.sun.corba.ee.impl.io.IIOPOutputStream.invokeObjectWriter(IIOPOutputStream.java:642)
	at com.sun.corba.ee.impl.io.IIOPOutputStream.outputObject(IIOPOutputStream.java:607)
	at com.sun.corba.ee.impl.io.IIOPOutputStream.simpleWriteObject(IIOPOutputStream.java:187)
	at com.sun.corba.ee.impl.io.ValueHandlerImpl.writeValueInternal(ValueHandlerImpl.java:238)
	at com.sun.corba.ee.impl.io.ValueHandlerImpl.writeValueWithVersion(ValueHandlerImpl.java:219)
	at com.sun.corba.ee.impl.io.ValueHandlerImpl.writeValue(ValueHandlerImpl.java:179)
	at com.sun.corba.ee.impl.encoding.CDROutputStream_1_0.callWriteValue(CDROutputStream_1_0.java:711)
	at com.sun.corba.ee.impl.encoding.CDROutputStream_1_0.writeRMIIIOPValueType(CDROutputStream_1_0.java:696)
	at com.sun.corba.ee.impl.encoding.CDROutputStream_1_0.write_value(CDROutputStream_1_0.java:821)
	at com.sun.corba.ee.impl.encoding.CDROutputStream_1_0.write_value(CDROutputStream_1_0.java:834)
	at com.sun.corba.ee.impl.encoding.CDROutputStream_1_0.write_value(CDROutputStream_1_0.java:565)
	at com.sun.corba.ee.impl.encoding.CDROutputObject.write_value(CDROutputObject.java:506)
	at com.sun.corba.ee.impl.presentation.rmi.DynamicMethodMarshallerImpl$14.write(DynamicMethodMarshallerImpl.java:393)
	at com.sun.corba.ee.impl.presentation.rmi.DynamicMethodMarshallerImpl.writeArguments(DynamicMethodMarshallerImpl.java:465)
	at com.sun.corba.ee.impl.presentation.rmi.StubInvocationHandlerImpl.privateInvoke(StubInvocationHandlerImpl.java:186)
	... 22 more

02-21-2020 16:03:08:  ------[  End   invoke  ]-----
02-21-2020 16:03:08:  Client completed.
02-21-2020 16:03:08:  Log contents:
02-21-2020 16:03:08:  &lt;csiv2-log&gt;
  &lt;assertion name=&quot;ac_ssl_ssln_upr_noid_sb_testid2&quot;&gt;
    &lt;invocation&gt;
      &lt;ejb-home&gt;
        &lt;client&gt;
          &lt;reply&gt;
            &lt;other-exception&gt;
              CORBA INTERNAL 1330446948 No; nested exception is: 
	org.omg.CORBA.INTERNAL: WARNING: 00710612: Can&apos;t pop only PICurrent  vmcid: OMG  minor code: 612  completed: No
            &lt;/other-exception&gt;
          &lt;/reply&gt;
        &lt;/client&gt;
      &lt;/ejb-home&gt;
    &lt;/invocation&gt;
  &lt;/assertion&gt;
&lt;/csiv2-log&gt;

02-21-2020 16:03:08:  ----------[  1) Validate Replies  ]----------

02-21-2020 16:03:08:  Validating EJBHome reply...
02-21-2020 16:03:08:  Got unexpected other-exception, expected create-exception reply.
02-21-2020 16:03:08:  EJBHome reply Invalid.
02-21-2020 16:03:08:  ERROR: CSIv2 Log Validation Exception: 
02-21-2020 16:03:08:  ERROR: com.sun.ts.tests.interop.csiv2.common.validation.ValidationException: Could not find EJBRemote Reply Entry.
	at com.sun.ts.tests.interop.csiv2.common.validation.CSIv2LogValidator.validateReply(CSIv2LogValidator.java:381)
	at com.sun.ts.tests.interop.csiv2.common.validation.CSIv2LogValidator.validate(CSIv2LogValidator.java:287)
	at com.sun.ts.tests.interop.csiv2.common.validation.CSIv2LogValidator.validate(CSIv2LogValidator.java:186)
	at com.sun.ts.tests.interop.csiv2.ac_ssl_ssln_upr_noid.forward.Client.ac_ssl_ssln_upr_noid_sb_testid2(Client.java:165)
	at sun.reflect.NativeMethodAccessorImpl.invoke0(Native Method)
	at sun.reflect.NativeMethodAccessorImpl.invoke(NativeMethodAccessorImpl.java:62)
	at sun.reflect.DelegatingMethodAccessorImpl.invoke(DelegatingMethodAccessorImpl.java:43)
	at java.lang.reflect.Method.invoke(Method.java:498)
	at com.sun.ts.lib.harness.EETest.run(EETest.java:596)
	at com.sun.ts.lib.harness.EETest.getPropsReady(EETest.java:486)
	at com.sun.ts.lib.harness.EETest.run(EETest.java:337)
	at com.sun.ts.lib.harness.EETest.run(EETest.java:285)
	at com.sun.ts.tests.interop.csiv2.ac_ssl_ssln_upr_noid.forward.Client.main(Client.java:53)
	at sun.reflect.NativeMethodAccessorImpl.invoke0(Native Method)
	at sun.reflect.NativeMethodAccessorImpl.invoke(NativeMethodAccessorImpl.java:62)
	at sun.reflect.DelegatingMethodAccessorImpl.invoke(DelegatingMethodAccessorImpl.java:43)
	at java.lang.reflect.Method.invoke(Method.java:498)
	at org.glassfish.appclient.client.acc.AppClientContainer.launch(AppClientContainer.java:447)
	at org.glassfish.appclient.client.AppClientFacade.launch(AppClientFacade.java:184)
	at org.glassfish.appclient.client.AppClientGroupFacade.main(AppClientGroupFacade.java:65)

02-21-2020 16:03:08:  ERROR: ac_ssl_ssln_upr_noid_sb_testid2 failed
02-21-2020 16:03:08:  ERROR: Test case throws exception: ac_ssl_ssln_upr_noid_sb_testid2 failed
02-21-2020 16:03:08:  ERROR: Exception at:  
02-21-2020 16:03:08:  ERROR: com.sun.ts.lib.harness.EETest$Fault: ac_ssl_ssln_upr_noid_sb_testid2 failed
	at com.sun.ts.tests.interop.csiv2.ac_ssl_ssln_upr_noid.forward.Client.ac_ssl_ssln_upr_noid_sb_testid2(Client.java:176)
	at sun.reflect.NativeMethodAccessorImpl.invoke0(Native Method)
	at sun.reflect.NativeMethodAccessorImpl.invoke(NativeMethodAccessorImpl.java:62)
	at sun.reflect.DelegatingMethodAccessorImpl.invoke(DelegatingMethodAccessorImpl.java:43)
	at java.lang.reflect.Method.invoke(Method.java:498)
	at com.sun.ts.lib.harness.EETest.run(EETest.java:596)
	at com.sun.ts.lib.harness.EETest.getPropsReady(EETest.java:486)
	at com.sun.ts.lib.harness.EETest.run(EETest.java:337)
	at com.sun.ts.lib.harness.EETest.run(EETest.java:285)
	at com.sun.ts.tests.interop.csiv2.ac_ssl_ssln_upr_noid.forward.Client.main(Client.java:53)
	at sun.reflect.NativeMethodAccessorImpl.invoke0(Native Method)
	at sun.reflect.NativeMethodAccessorImpl.invoke(NativeMethodAccessorImpl.java:62)
	at sun.reflect.DelegatingMethodAccessorImpl.invoke(DelegatingMethodAccessorImpl.java:43)
	at java.lang.reflect.Method.invoke(Method.java:498)
	at org.glassfish.appclient.client.acc.AppClientContainer.launch(AppClientContainer.java:447)
	at org.glassfish.appclient.client.AppClientFacade.launch(AppClientFacade.java:184)
	at org.glassfish.appclient.client.AppClientGroupFacade.main(AppClientGroupFacade.java:65)

02-21-2020 16:03:08:  cleanup...
STATUS:Failed.Test case throws exception: ac_ssl_ssln_upr_noid_sb_testid2 failed
result: Failed. Test case throws exception: ac_ssl_ssln_upr_noid_sb_testid2 failed


test result: Failed. Test case throws exception: ac_ssl_ssln_upr_noid_sb_testid2 failed
</system-out>
</testcase>
  <testcase 
 name="ac_ssl_sslr_upn_noid_sb_testid0"
 classname="com.sun.ts.tests.interop.csiv2.ac_ssl_sslr_upn_noid.forward.Client"
 time="11"
 status="Failed"
>
<failure type="AssertionFailure" message="test result: Failed. Test case throws exception: ac_ssl_sslr_upn_noid_sb_testid0 failed">test result: Failed. Test case throws exception: ac_ssl_sslr_upn_noid_sb_testid0 failed</failure>
<system-out>
#Test Results (version 2)
#Fri Feb 21 16:03:40 GMT 2020
#-----testdescription-----
$file=/CI/workspace/TCK-Suite/cts_home/jakartaeetck/src/com/sun/ts/tests/interop/csiv2/ac_ssl_sslr_upn_noid/forward/Client.java
$root=/CI/workspace/TCK-Suite/cts_home/jakartaeetck/src
assertion_ids=CSIv2\:SPEC\:43  See assertion html documents.\nEJB\:SPEC\:740  EJB containers must be capable of inserting the CSIv2 tagged components\n     into the IORs for EJBObject and EJBHome references, based on the deployer \n     or administrator&apos;s security policy settings.\n     EJB containers must follow the Conformance Level 0 rules described in \n     the CSIv2 specification for constructing these IORs\nEJB\:SPEC\:742  In scenarios where client authentication does not occur at the\n     transport layer it is necessary to support transfer of authentication data \n     between two containers in the IIOP message service context.  When an\n     intermediate client container does not have authentication data for the \n     initiating client, it is necessary to support propagation of client\n     principals in the IIOP message service context\nEJB\:SPEC\:744  Case 1\: Application client invocations on enterprise beans with mutual\n\t  authentication between the application client and EJB container (C and \n\t  S1) at the SSL layer (scenario 2.1 in section 15.3.2, interoperability\n\t  requirement 4.1 in section 15.4).  E.g.  this is possible when the \n\t  enter-prise has a Kerberos-based authentication infrastructure or when\n\t  client-side certificates have been installed.\nEJB\:SPEC\:750  Client containers determine whether to use SSL for an enterprise bean\n     invocation by using the security policies configured by the client \n     administrator for interactions with the target host or enterprise bean, and\n     the target_requires information in the CSIv2 tagged component in the target \n     enterprise bean&apos;s IOR.\nEJB\:SPEC\:751  If either the client configuration requires secure interactions with\n     the enterprise bean, or the enterprise bean requires a secure transport, \n     the client should initiate an SSL connection to the server.  The client\n     must follow the rules described in the CSIv2 specification Conformance \n     Level 0 for interpreting security information in IORs and including\n     security context information in IIOP messages\nJavaEE\:SPEC\:21  See assertion html documents.
classname=com.sun.ts.tests.interop.csiv2.ac_ssl_sslr_upn_noid.forward.Client
direction=forward
finder=cts
id=ac_ssl_sslr_upn_noid_sb_testid0
keywords=all csiv2 javaee ac_ssl_sslr_upn_noid_sb_testid0 novehicle forward
service_eetest=no
testName=ac_ssl_sslr_upn_noid_sb_testid0
testProps=\ org.omg.CORBA.ORBClass  java.naming.factory.initial  generateSQL  certLoginUserAlias
test_directory=com/sun/ts/tests/interop/csiv2/ac_ssl_sslr_upn_noid/forward

#-----environment-----
EJBServer1TxInteropEnabled=true
EJBServer2TxInteropEnabled=true
JAVA_HOME=/usr/lib/jvm/zulu-8-amd64/jre
SYSTEMROOT=${env.SystemRoot}
TMP=${env.TMP}
bin.dir=/CI/workspace/TCK-Suite/cts_home/jakartaeetck/bin/xml/../../bin
certLoginUserAlias=cts
command.testExecuteAppClient=com.sun.ts.lib.harness.ExecTSTestCmd DISPLAY\=${ts.display} HOME\=&quot;${user.home}&quot; LD_LIBRARY_PATH\=${javaee.home}/lib TMP\=${TMP} windir\=${windir} SYSTEMROOT\=${SYSTEMROOT} PATH\=&quot;${javaee.home}/nativelib&quot; APPCPATH\=${ts.home}/lib/tsharness.jar${pathsep}${ts.home}/lib/cts.jar${pathsep}${javaee.home}/lib/jpa_alternate_provider.jar${pathsep}${ts.home}/lib/tssv.jar${pathsep}${javaee.home}/modules/weld-osgi-bundle.jar${pathsep}${javaee.home}/modules/cdi-api.jar TZ\=${tz} ${JAVA_HOME}/bin/java -Xbootclasspath/p\:${javaee.home}/modules/jakarta.annotation-api.jar -Djava.system.class.loader\=org.glassfish.appclient.client.acc.agent.ACCAgentClassLoader  -Djava.security.policy\=${javaee.home}/lib/appclient/client.policy -Dcts.tmp\=$harness.temp.directory -Djava.security.auth.login.config\=${javaee.home}/lib/appclient/appclientlogin.conf -Djava.protocol.handler.pkgs\=javax.net.ssl -Dcom.sun.enterprise.home\=${javaee.home} -Djavax.net.ssl.keyStore\=${bin.dir}/certificates/clientcert.jks -Djavax.net.ssl.keyStorePassword\=changeit -Dcom.sun.aas.installRoot\=${javaee.home} -Dcom.sun.aas.imqLib\=${javaee.home}/../mq/lib -Djavax.net.ssl.trustStore\=${s1as.domain}/${sjsas.instance.config.dir}/cacerts.jks -Djava.endorsed.dirs\=${s1as.java.endorsed.dirs} -Djavax.xml.parsers.SAXParserFactory\=com.sun.org.apache.xerces.internal.jaxp.SAXParserFactoryImpl -Djavax.xml.parsers.DocumentBuilderFactory\=com.sun.org.apache.xerces.internal.jaxp.DocumentBuilderFactoryImpl -Djavax.xml.transform.TransformerFactory\=com.sun.org.apache.xalan.internal.xsltc.trax.TransformerFactoryImpl -Dorg.xml.sax.driver\=com.sun.org.apache.xerces.internal.parsers.SAXParser -Dorg.xml.sax.parser\=org.xml.sax.helpers.XMLReaderAdapter -Doracle.jdbc.J2EE13Compliant\=true -Doracle.jdbc.mapDateToTimestamp -Djava.security.manager -Djava.security.manager -Dstartup.login\=false -Dauth.gui\=false -Dlog.file.location\=${log.file.location} -Dri.log.file.location\=${ri.log.file.location} -DwebServerHost.2\=${webServerHost.2} -DwebServerPort.2\=${webServerPort.2} -Dprovider.configuration.file\=${provider.configuration.file} -Djava.security.properties\=${s1as.domain}/${sjsas.instance.config.dir}/ts.java.security -Djava.ext.dirs\=${s1as.lib}/jdbcdrivers${pathsep}${JAVA_HOME}/lib/ext${pathsep}${JAVA_HOME}/jre/lib/ext${pathsep}${javaee.home}/lib/jdbcdrivers${pathsep}${javaee.home}/javadb/lib -Dcom.sun.aas.configRoot\=${javaee.home}/config -Ddeliverable.class\=${deliverable.class} -javaagent\:${javaee.home}/lib/gf-client.jar\=arg\=-configxml,arg\=${ts.home}/tmp/appclient/s1as.sun-acc.xml,client\=jar\=$testExecuteArgs
deliverable.class=com.sun.ts.lib.deliverable.cts.CTSDeliverable
deployManagerJarFile.1=${javaee.home}/lib/deployment/sun-as-jsr88-dm.jar
deployManagerJarFile.2=${javaee.home.ri}/lib/deployment/sun-as-jsr88-dm.jar
deployManagerpasswd.1=${s1as.admin.passwd}
deployManagerpasswd.2=${ri.admin.passwd}
deployManageruname.1=${s1as.admin.user}
deployManageruname.2=${ri.admin.user}
deployManageruri.1=deployer\:Sun\:AppServer\:\:${deployment_host.1}\:${s1as.admin.port}
deployManageruri.2=deployer\:Sun\:AppServer\:\:${deployment_host.2}\:${ri.admin.port}
deployment_host.1=${orb.host}
deployment_host.2=${orb.host.ri}
deployment_port.1=${impl.vi.port}
deployment_port.2=${impl.ri.port}
derby.dbName=derbyDB
derby.driver=org.apache.derby.jdbc.ClientDriver
derby.passwd=cts1
derby.port=1527
derby.server=${orb.host}
derby.url=jdbc\:derby\://${derby.server}\:${derby.port}/${derby.dbName};create\=true
derby.user=cts1
endorsed.dirs=${javaee.home}/modules/endorsed
harness.executeMode=0
harness.log.delayseconds=1
harness.log.port=2000
harness.log.traceflag=false
harness.socket.retry.count=10
harness.temp.directory=${ts.home}/tmp
http.server.supports.endpoint.publish=false
http.server.supports.endpoint.publish.2=false
impl.ri.port=${ri.admin.port}
impl.vi.port=${s1as.admin.port}
java.naming.factory.initial=foo
javaee.home=/CI/workspace/TCK-Suite/cts_home/vi/payara5/glassfish
javaee.home.ri=/CI/workspace/TCK-Suite/cts_home/ri/glassfish5/glassfish
javaee.level=full jaxr jaxrpc javaeedeploy
javax.persistence.jdbc.driver=${derby.driver}
javax.persistence.jdbc.password=${derby.passwd}
javax.persistence.jdbc.url=${derby.url}
javax.persistence.jdbc.user=${derby.user}
javax.persistence.provider=org.eclipse.persistence.jpa.PersistenceProvider
jpa.provider.implementation.specific.properties=eclipselink.logging.level\=OFF
log.file.location=${vi.log.file.location}
namingServiceHost1=${orb.host}
namingServiceHost2=${orb.host.ri}
namingServicePort1=${orb.port}
namingServicePort2=${orb.port.ri}
orb.host=localhost
orb.host.ri=localhost
orb.port=3699
orb.port.ri=3701
org.omg.CORBA.ORBClass=foo
password1=${derby.passwd}
password2=${derby.passwd}
pathsep=\:
persistence.second.level.caching.supported=true
persistence.unit.name=CTS-EM
persistence.unit.name.2=JPATCK2
platform.mode=javaEE
porting.ts.HttpsURLConnection.class.1=com.sun.ts.lib.implementation.sun.javaee.SunRIHttpsURLConnection
porting.ts.HttpsURLConnection.class.2=com.sun.ts.lib.implementation.sun.javaee.SunRIHttpsURLConnection
porting.ts.deploy.class.1=com.sun.ts.lib.implementation.sun.javaee.glassfish.AutoDeployment
porting.ts.deploy.class.2=com.sun.ts.lib.implementation.sun.javaee.glassfish.AutoDeploymentSeparateVM
porting.ts.deploy2.class.1=com.sun.ts.lib.implementation.sun.javaee.SunRIDeployment2
porting.ts.deploy2.class.2=com.sun.ts.lib.implementation.sun.javaee.SunRIDeployment2
porting.ts.jms.class.1=com.sun.ts.lib.implementation.sun.javaee.SunRIJMSAdmin
porting.ts.jms.class.2=com.sun.ts.lib.implementation.sun.javaee.SunRIJMSAdmin
porting.ts.login.class.1=com.sun.ts.lib.implementation.sun.javaee.SunRILoginContext
porting.ts.login.class.2=com.sun.ts.lib.implementation.sun.javaee.SunRILoginContext
porting.ts.url.class.1=com.sun.ts.lib.implementation.sun.common.SunRIURL
porting.ts.url.class.2=com.sun.ts.lib.implementation.sun.common.SunRIURL
provider.configuration.file=${javaee.home}/domains/domain1/config/ProviderConfiguration.xml
ri.admin.passwd=adminadmin
ri.admin.port=5858
ri.admin.user=admin
ri.domain=${ri.domain.dir}/${ri.domain.name}
ri.domain.dir=${javaee.home.ri}/domains
ri.domain.name=domain1
ri.log.file.location=${ri.domain}/logs
s1as.admin.passwd=adminadmin
s1as.admin.port=4848
s1as.admin.user=admin
s1as.domain=${s1as.domain.dir}/${s1as.domain.name}
s1as.domain.dir=${javaee.home}/domains
s1as.domain.name=domain1
s1as.java.endorsed.dirs=${endorsed.dirs}
s1as.lib=${javaee.home}/lib
securedWebServicePort=1044
securedWebServicePort.2=1045
sjsas.instance.config.dir=config
ts.display=\:0.0
ts.home=/CI/workspace/TCK-Suite/cts_home/jakartaeetck/bin/xml/../..
tz=UTC
user.home=/home/jenkins
user1=${derby.user}
user2=${derby.user}
variable.mapper=com.sun.el.lang.VariableMapperImpl
vi.admin.passwd=
vi.admin.user=admin
vi.domain=${vi.domain.dir}/${vi.domain.name}
vi.domain.dir=${javaee.home}/domains
vi.domain.name=domain1
vi.log.file.location=${vi.domain}/logs
webServerHost=${orb.host}
webServerHost.2=${orb.host.ri}
webServerPort=8001
webServerPort.2=8002
windir=${env.windir}
wsdlRepository1=${harness.temp.directory}/wsdlRepository1
wsdlRepository2=${harness.temp.directory}/wsdlRepository2

#-----testresult-----
description=file\:/CI/workspace/TCK-Suite/cts_home/jakartaeetck/src/com/sun/ts/tests/interop/csiv2/ac_ssl_sslr_upn_noid/forward/Client.java\#ac_ssl_sslr_upn_noid_sb_testid0
end=Fri Feb 21 16\:03\:40 GMT 2020
environment=ts_unix
execStatus=Failed. Test case throws exception\: ac_ssl_sslr_upn_noid_sb_testid0 failed
harnessLoaderMode=Classpath Loader
harnessVariety=Full Bundle
javatestOS=Linux 5.3.0-28-generic (amd64)
javatestVersion=5.0
script=com.sun.ts.lib.harness.TSScript
sections=script_messages Deployment TestRun
start=Fri Feb 21 16\:03\:29 GMT 2020
test=com/sun/ts/tests/interop/csiv2/ac_ssl_sslr_upn_noid/forward/Client.java\#ac_ssl_sslr_upn_noid_sb_testid0
timeoutSeconds=1200
totalTime=10327
work=/CI/workspace/TCK-Suite/cts_home/jakartaeetck-work/interop_csiv2/com/sun/ts/tests/interop/csiv2/ac_ssl_sslr_upn_noid/forward

#section:script_messages
----------messages:(0/0)----------

#section:Deployment
----------messages:(0/0)----------
----------log:(27/1533)----------
Undeploying apps...
AutoDeployment.isDeployed()
AutoDeployment.undeploy()
AutoDeployment.isDeployed()
AutoDeployment.undeploy()
Undeploying apps...
AutoDeployment.isDeployed()
AutoDeployment.isDeployed()
Search for s1as runtime files match:`interop_csiv2_ac_ssl_sslr_upn_noid_f.ear`
Valid runtime files after sweep:
/CI/workspace/TCK-Suite/cts_home/jakartaeetck/bin/xml/../../dist/com/sun/ts/tests/interop/csiv2/ac_ssl_sslr_upn_noid/forward/interop_csiv2_ac_ssl_sslr_upn_noid_f_client.jar.sun-application-client.xml
Search for s1as runtime files match:`interop_csiv2_ac_ssl_sslr_upn_noid_f_j2ee2.ear`
Valid runtime files after sweep:
/CI/workspace/TCK-Suite/cts_home/jakartaeetck/bin/xml/../../dist/com/sun/ts/tests/interop/csiv2/ac_ssl_sslr_upn_noid/forward/interop_csiv2_ac_ssl_sslr_upn_noid_f_j2ee2_ejb.jar.sun-ejb-jar.xml
Deploying apps...
Search for s1as runtime files match:`interop_csiv2_ac_ssl_sslr_upn_noid_f.ear`
Valid runtime files after sweep:
/CI/workspace/TCK-Suite/cts_home/jakartaeetck/bin/xml/../../tmp/interop_csiv2_ac_ssl_sslr_upn_noid_f_client.jar.sun-application-client.xml
getAppNameFromApplicationXML() returning &quot;null&quot;
V3Deployment sPropNum = 1
V3Deployment uname:  admin
V3Deployment passwd:  adminadmin
V3Deployment host:  localhost
V3Deployment port:  4848
Search for s1as runtime files match:`interop_csiv2_ac_ssl_sslr_upn_noid_f_j2ee2.ear`
Valid runtime files after sweep:
/CI/workspace/TCK-Suite/cts_home/jakartaeetck/bin/xml/../../tmp/interop_csiv2_ac_ssl_sslr_upn_noid_f_j2ee2_ejb.jar.sun-ejb-jar.xml
result: Passed. Deployment phase completed. However, check the output above to see if actual deployment passed or failed.

#section:TestRun
----------messages:(1/4213)----------
command: com.sun.ts.lib.harness.ExecTSTestCmd DISPLAY=:0.0 HOME=/home/jenkins LD_LIBRARY_PATH=/CI/workspace/TCK-Suite/cts_home/vi/payara5/glassfish/lib TMP= windir= SYSTEMROOT= PATH=/CI/workspace/TCK-Suite/cts_home/vi/payara5/glassfish/nativelib APPCPATH=/CI/workspace/TCK-Suite/cts_home/jakartaeetck/bin/xml/../../lib/tsharness.jar:/CI/workspace/TCK-Suite/cts_home/jakartaeetck/bin/xml/../../lib/cts.jar:/CI/workspace/TCK-Suite/cts_home/vi/payara5/glassfish/lib/jpa_alternate_provider.jar:/CI/workspace/TCK-Suite/cts_home/jakartaeetck/bin/xml/../../lib/tssv.jar:/CI/workspace/TCK-Suite/cts_home/vi/payara5/glassfish/modules/weld-osgi-bundle.jar:/CI/workspace/TCK-Suite/cts_home/vi/payara5/glassfish/modules/cdi-api.jar TZ=UTC /usr/lib/jvm/zulu-8-amd64/jre/bin/java -Xbootclasspath/p:/CI/workspace/TCK-Suite/cts_home/vi/payara5/glassfish/modules/jakarta.annotation-api.jar -Djava.system.class.loader=org.glassfish.appclient.client.acc.agent.ACCAgentClassLoader -Djava.security.policy=/CI/workspace/TCK-Suite/cts_home/vi/payara5/glassfish/lib/appclient/client.policy -Dcts.tmp=/CI/workspace/TCK-Suite/cts_home/jakartaeetck/bin/xml/../../tmp -Djava.security.auth.login.config=/CI/workspace/TCK-Suite/cts_home/vi/payara5/glassfish/lib/appclient/appclientlogin.conf -Djava.protocol.handler.pkgs=javax.net.ssl -Dcom.sun.enterprise.home=/CI/workspace/TCK-Suite/cts_home/vi/payara5/glassfish -Djavax.net.ssl.keyStore=/CI/workspace/TCK-Suite/cts_home/jakartaeetck/bin/xml/../../bin/certificates/clientcert.jks -Djavax.net.ssl.keyStorePassword=changeit -Dcom.sun.aas.installRoot=/CI/workspace/TCK-Suite/cts_home/vi/payara5/glassfish -Dcom.sun.aas.imqLib=/CI/workspace/TCK-Suite/cts_home/vi/payara5/glassfish/../mq/lib -Djavax.net.ssl.trustStore=/CI/workspace/TCK-Suite/cts_home/vi/payara5/glassfish/domains/domain1/config/cacerts.jks -Djava.endorsed.dirs=/CI/workspace/TCK-Suite/cts_home/vi/payara5/glassfish/modules/endorsed -Djavax.xml.parsers.SAXParserFactory=com.sun.org.apache.xerces.internal.jaxp.SAXParserFactoryImpl -Djavax.xml.parsers.DocumentBuilderFactory=com.sun.org.apache.xerces.internal.jaxp.DocumentBuilderFactoryImpl -Djavax.xml.transform.TransformerFactory=com.sun.org.apache.xalan.internal.xsltc.trax.TransformerFactoryImpl -Dorg.xml.sax.driver=com.sun.org.apache.xerces.internal.parsers.SAXParser -Dorg.xml.sax.parser=org.xml.sax.helpers.XMLReaderAdapter -Doracle.jdbc.J2EE13Compliant=true -Doracle.jdbc.mapDateToTimestamp -Djava.security.manager -Djava.security.manager -Dstartup.login=false -Dauth.gui=false -Dlog.file.location=/CI/workspace/TCK-Suite/cts_home/vi/payara5/glassfish/domains/domain1/logs -Dri.log.file.location=/CI/workspace/TCK-Suite/cts_home/ri/glassfish5/glassfish/domains/domain1/logs -DwebServerHost.2=localhost -DwebServerPort.2=8002 -Dprovider.configuration.file=/CI/workspace/TCK-Suite/cts_home/vi/payara5/glassfish/domains/domain1/config/ProviderConfiguration.xml -Djava.security.properties=/CI/workspace/TCK-Suite/cts_home/vi/payara5/glassfish/domains/domain1/config/ts.java.security -Djava.ext.dirs=/CI/workspace/TCK-Suite/cts_home/vi/payara5/glassfish/lib/jdbcdrivers:/usr/lib/jvm/zulu-8-amd64/jre/lib/ext:/usr/lib/jvm/zulu-8-amd64/jre/jre/lib/ext:/CI/workspace/TCK-Suite/cts_home/vi/payara5/glassfish/lib/jdbcdrivers:/CI/workspace/TCK-Suite/cts_home/vi/payara5/glassfish/javadb/lib -Dcom.sun.aas.configRoot=/CI/workspace/TCK-Suite/cts_home/vi/payara5/glassfish/config -Ddeliverable.class=com.sun.ts.lib.deliverable.cts.CTSDeliverable -javaagent:/CI/workspace/TCK-Suite/cts_home/vi/payara5/glassfish/lib/gf-client.jar=arg=-configxml,arg=/CI/workspace/TCK-Suite/cts_home/jakartaeetck/bin/xml/../../tmp/appclient/s1as.sun-acc.xml,client=jar=/CI/workspace/TCK-Suite/cts_home/jakartaeetck/bin/xml/../../dist/com/sun/ts/tests/interop/csiv2/ac_ssl_sslr_upn_noid/forward/ts_dep/interop_csiv2_ac_ssl_sslr_upn_noid_fClient.jar,arg=-name,arg=interop_csiv2_ac_ssl_sslr_upn_noid_f_client -jar /CI/workspace/TCK-Suite/cts_home/jakartaeetck/bin/xml/../../dist/com/sun/ts/tests/interop/csiv2/ac_ssl_sslr_upn_noid/forward/ts_dep/interop_csiv2_ac_ssl_sslr_upn_noid_fClient.jar -p /CI/workspace/TCK-Suite/cts_home/jakartaeetck/bin/xml/../../tmp/tstest.jte -t ac_ssl_sslr_upn_noid_sb_testid0
----------log:(146/10677)----------
Feb 21, 2020 4:03:32 PM org.glassfish.enterprise.iiop.api.GlassFishORBHelper postConstruct
INFO: GlassFishORBFactory service initialized.
************************************************************
* props file set to &quot;/tmp/jenkins-cts-props.txt&quot;
************************************************************
02-21-2020 16:03:35:  setup...
02-21-2020 16:03:35:  ac_ssl_sslr_upn_noid_sb_testid0
02-21-2020 16:03:35:  Client initiated.
02-21-2020 16:03:35:  AppClient (VI) ====&gt; RemoteSessionBean (RI).
02-21-2020 16:03:35:  CSIv2AppClient.invoke()
02-21-2020 16:03:35:  ------[  Begin invoke  ]-----
02-21-2020 16:03:35:  INVOKING java:comp/env/ejb/RemoteSession
02-21-2020 16:03:38:  Calling sessionHome.create(p,true)
02-21-2020 16:03:38:  ERROR: java.rmi.RemoteException: CORBA INTERNAL 1330446948 No; nested exception is: 
	org.omg.CORBA.INTERNAL: WARNING: 00710612: Can&apos;t pop only PICurrent  vmcid: OMG  minor code: 612  completed: No
	at com.sun.corba.ee.impl.javax.rmi.CORBA.Util.mapSystemException(Util.java:311)
	at com.sun.corba.ee.impl.presentation.rmi.StubInvocationHandlerImpl.privateInvoke(StubInvocationHandlerImpl.java:201)
	at com.sun.corba.ee.impl.presentation.rmi.StubInvocationHandlerImpl.invoke(StubInvocationHandlerImpl.java:140)
	at com.sun.corba.ee.impl.presentation.rmi.codegen.CodegenStubBase.invoke(CodegenStubBase.java:226)
	at com.sun.ts.tests.interop.csiv2.common._CSIv2SessionHome_DynamicStub.create(com/sun/ts/tests/interop/csiv2/common/_CSIv2SessionHome_DynamicStub.java)
	at com.sun.ts.tests.interop.csiv2.common.CSIv2TestLogicImpl.invoke(CSIv2TestLogicImpl.java:103)
	at com.sun.ts.tests.interop.csiv2.common.CSIv2AppClient.invoke(CSIv2AppClient.java:43)
	at com.sun.ts.tests.interop.csiv2.ac_ssl_sslr_upn_noid.forward.Client.ac_ssl_sslr_upn_noid_sb_testid0(Client.java:131)
	at sun.reflect.NativeMethodAccessorImpl.invoke0(Native Method)
	at sun.reflect.NativeMethodAccessorImpl.invoke(NativeMethodAccessorImpl.java:62)
	at sun.reflect.DelegatingMethodAccessorImpl.invoke(DelegatingMethodAccessorImpl.java:43)
	at java.lang.reflect.Method.invoke(Method.java:498)
	at com.sun.ts.lib.harness.EETest.run(EETest.java:596)
	at com.sun.ts.lib.harness.EETest.getPropsReady(EETest.java:486)
	at com.sun.ts.lib.harness.EETest.run(EETest.java:337)
	at com.sun.ts.lib.harness.EETest.run(EETest.java:285)
	at com.sun.ts.tests.interop.csiv2.ac_ssl_sslr_upn_noid.forward.Client.main(Client.java:41)
	at sun.reflect.NativeMethodAccessorImpl.invoke0(Native Method)
	at sun.reflect.NativeMethodAccessorImpl.invoke(NativeMethodAccessorImpl.java:62)
	at sun.reflect.DelegatingMethodAccessorImpl.invoke(DelegatingMethodAccessorImpl.java:43)
	at java.lang.reflect.Method.invoke(Method.java:498)
	at org.glassfish.appclient.client.acc.AppClientContainer.launch(AppClientContainer.java:447)
	at org.glassfish.appclient.client.AppClientFacade.launch(AppClientFacade.java:184)
	at org.glassfish.appclient.client.AppClientGroupFacade.main(AppClientGroupFacade.java:65)
Caused by: org.omg.CORBA.INTERNAL: WARNING: 00710612: Can&apos;t pop only PICurrent  vmcid: OMG  minor code: 612  completed: No
	at com.sun.proxy.$Proxy77.cantPopOnlyPicurrent(Unknown Source)
	at com.sun.corba.ee.impl.interceptors.SlotTableStack.popSlotTable(SlotTableStack.java:112)
	at com.sun.corba.ee.impl.interceptors.PICurrent.popSlotTable(PICurrent.java:137)
	at com.sun.corba.ee.impl.interceptors.InterceptorInvoker.invokeClientInterceptorEndingPoint(InterceptorInvoker.java:452)
	at com.sun.corba.ee.impl.interceptors.PIHandlerImpl.handleClientPIEndingPoint(PIHandlerImpl.java:446)
	at com.sun.corba.ee.impl.interceptors.PIHandlerImpl.invokeClientPIEndingPoint(PIHandlerImpl.java:424)
	at com.sun.corba.ee.impl.encoding.BufferManagerWriteStream.overflow(BufferManagerWriteStream.java:99)
	at com.sun.corba.ee.impl.encoding.CDROutputStream_1_2.grow(CDROutputStream_1_2.java:266)
	at com.sun.corba.ee.impl.encoding.CDROutputStream_1_2.alignAndReserve(CDROutputStream_1_2.java:229)
	at com.sun.corba.ee.impl.encoding.CDROutputStream_1_0.write_long(CDROutputStream_1_0.java:356)
	at com.sun.corba.ee.impl.encoding.CDROutputStream_1_2.write_long(CDROutputStream_1_2.java:188)
	at com.sun.corba.ee.impl.encoding.CDROutputStream_1_0.writeNestingLevel(CDROutputStream_1_0.java:1392)
	at com.sun.corba.ee.impl.encoding.CDROutputStream_1_0.writeEndTag(CDROutputStream_1_0.java:1360)
	at com.sun.corba.ee.impl.encoding.CDROutputStream_1_0.end_value(CDROutputStream_1_0.java:1686)
	at com.sun.corba.ee.impl.encoding.CDROutputObject.end_value(CDROutputObject.java:652)
	at com.sun.corba.ee.impl.io.OutputStreamHook$WroteCustomDataState.exitWriteObjectOverride(OutputStreamHook.java:374)
	at com.sun.corba.ee.impl.io.OutputStreamHook$WriteObjectState.exitWriteObject(OutputStreamHook.java:244)
	at com.sun.corba.ee.impl.io.IIOPOutputStream.invokeObjectWriter(IIOPOutputStream.java:642)
	at com.sun.corba.ee.impl.io.IIOPOutputStream.outputObject(IIOPOutputStream.java:607)
	at com.sun.corba.ee.impl.io.IIOPOutputStream.simpleWriteObject(IIOPOutputStream.java:187)
	at com.sun.corba.ee.impl.io.ValueHandlerImpl.writeValueInternal(ValueHandlerImpl.java:238)
	at com.sun.corba.ee.impl.io.ValueHandlerImpl.writeValueWithVersion(ValueHandlerImpl.java:219)
	at com.sun.corba.ee.impl.io.ValueHandlerImpl.writeValue(ValueHandlerImpl.java:179)
	at com.sun.corba.ee.impl.encoding.CDROutputStream_1_0.callWriteValue(CDROutputStream_1_0.java:711)
	at com.sun.corba.ee.impl.encoding.CDROutputStream_1_0.writeRMIIIOPValueType(CDROutputStream_1_0.java:696)
	at com.sun.corba.ee.impl.encoding.CDROutputStream_1_0.write_value(CDROutputStream_1_0.java:821)
	at com.sun.corba.ee.impl.encoding.CDROutputStream_1_0.write_value(CDROutputStream_1_0.java:834)
	at com.sun.corba.ee.impl.encoding.CDROutputStream_1_0.write_value(CDROutputStream_1_0.java:565)
	at com.sun.corba.ee.impl.encoding.CDROutputObject.write_value(CDROutputObject.java:506)
	at com.sun.corba.ee.impl.presentation.rmi.DynamicMethodMarshallerImpl$14.write(DynamicMethodMarshallerImpl.java:393)
	at com.sun.corba.ee.impl.presentation.rmi.DynamicMethodMarshallerImpl.writeArguments(DynamicMethodMarshallerImpl.java:465)
	at com.sun.corba.ee.impl.presentation.rmi.StubInvocationHandlerImpl.privateInvoke(StubInvocationHandlerImpl.java:186)
	... 22 more

02-21-2020 16:03:38:  ------[  End   invoke  ]-----
02-21-2020 16:03:38:  Client completed.
02-21-2020 16:03:38:  Log contents:
02-21-2020 16:03:38:  &lt;csiv2-log&gt;
  &lt;assertion name=&quot;ac_ssl_sslr_upn_noid_sb_testid0&quot;&gt;
    &lt;invocation&gt;
      &lt;ejb-home&gt;
        &lt;client&gt;
          &lt;reply&gt;
            &lt;other-exception&gt;
              CORBA INTERNAL 1330446948 No; nested exception is: 
	org.omg.CORBA.INTERNAL: WARNING: 00710612: Can&apos;t pop only PICurrent  vmcid: OMG  minor code: 612  completed: No
            &lt;/other-exception&gt;
          &lt;/reply&gt;
        &lt;/client&gt;
      &lt;/ejb-home&gt;
    &lt;/invocation&gt;
  &lt;/assertion&gt;
&lt;/csiv2-log&gt;

02-21-2020 16:03:38:  ----------[  1) Validate Replies  ]----------

02-21-2020 16:03:38:  Validating EJBHome reply...
02-21-2020 16:03:38:  Got unexpected other-exception, expected create-exception reply.
02-21-2020 16:03:38:  EJBHome reply Invalid.
02-21-2020 16:03:38:  ERROR: CSIv2 Log Validation Exception: 
02-21-2020 16:03:38:  ERROR: com.sun.ts.tests.interop.csiv2.common.validation.ValidationException: Could not find EJBRemote Reply Entry.
	at com.sun.ts.tests.interop.csiv2.common.validation.CSIv2LogValidator.validateReply(CSIv2LogValidator.java:381)
	at com.sun.ts.tests.interop.csiv2.common.validation.CSIv2LogValidator.validate(CSIv2LogValidator.java:287)
	at com.sun.ts.tests.interop.csiv2.common.validation.CSIv2LogValidator.validate(CSIv2LogValidator.java:186)
	at com.sun.ts.tests.interop.csiv2.ac_ssl_sslr_upn_noid.forward.Client.ac_ssl_sslr_upn_noid_sb_testid0(Client.java:148)
	at sun.reflect.NativeMethodAccessorImpl.invoke0(Native Method)
	at sun.reflect.NativeMethodAccessorImpl.invoke(NativeMethodAccessorImpl.java:62)
	at sun.reflect.DelegatingMethodAccessorImpl.invoke(DelegatingMethodAccessorImpl.java:43)
	at java.lang.reflect.Method.invoke(Method.java:498)
	at com.sun.ts.lib.harness.EETest.run(EETest.java:596)
	at com.sun.ts.lib.harness.EETest.getPropsReady(EETest.java:486)
	at com.sun.ts.lib.harness.EETest.run(EETest.java:337)
	at com.sun.ts.lib.harness.EETest.run(EETest.java:285)
	at com.sun.ts.tests.interop.csiv2.ac_ssl_sslr_upn_noid.forward.Client.main(Client.java:41)
	at sun.reflect.NativeMethodAccessorImpl.invoke0(Native Method)
	at sun.reflect.NativeMethodAccessorImpl.invoke(NativeMethodAccessorImpl.java:62)
	at sun.reflect.DelegatingMethodAccessorImpl.invoke(DelegatingMethodAccessorImpl.java:43)
	at java.lang.reflect.Method.invoke(Method.java:498)
	at org.glassfish.appclient.client.acc.AppClientContainer.launch(AppClientContainer.java:447)
	at org.glassfish.appclient.client.AppClientFacade.launch(AppClientFacade.java:184)
	at org.glassfish.appclient.client.AppClientGroupFacade.main(AppClientGroupFacade.java:65)

02-21-2020 16:03:38:  ERROR: ac_ssl_sslr_upn_noid_sb_testid0 failed
02-21-2020 16:03:38:  ERROR: Test case throws exception: ac_ssl_sslr_upn_noid_sb_testid0 failed
02-21-2020 16:03:38:  ERROR: Exception at:  
02-21-2020 16:03:38:  ERROR: com.sun.ts.lib.harness.EETest$Fault: ac_ssl_sslr_upn_noid_sb_testid0 failed
	at com.sun.ts.tests.interop.csiv2.ac_ssl_sslr_upn_noid.forward.Client.ac_ssl_sslr_upn_noid_sb_testid0(Client.java:160)
	at sun.reflect.NativeMethodAccessorImpl.invoke0(Native Method)
	at sun.reflect.NativeMethodAccessorImpl.invoke(NativeMethodAccessorImpl.java:62)
	at sun.reflect.DelegatingMethodAccessorImpl.invoke(DelegatingMethodAccessorImpl.java:43)
	at java.lang.reflect.Method.invoke(Method.java:498)
	at com.sun.ts.lib.harness.EETest.run(EETest.java:596)
	at com.sun.ts.lib.harness.EETest.getPropsReady(EETest.java:486)
	at com.sun.ts.lib.harness.EETest.run(EETest.java:337)
	at com.sun.ts.lib.harness.EETest.run(EETest.java:285)
	at com.sun.ts.tests.interop.csiv2.ac_ssl_sslr_upn_noid.forward.Client.main(Client.java:41)
	at sun.reflect.NativeMethodAccessorImpl.invoke0(Native Method)
	at sun.reflect.NativeMethodAccessorImpl.invoke(NativeMethodAccessorImpl.java:62)
	at sun.reflect.DelegatingMethodAccessorImpl.invoke(DelegatingMethodAccessorImpl.java:43)
	at java.lang.reflect.Method.invoke(Method.java:498)
	at org.glassfish.appclient.client.acc.AppClientContainer.launch(AppClientContainer.java:447)
	at org.glassfish.appclient.client.AppClientFacade.launch(AppClientFacade.java:184)
	at org.glassfish.appclient.client.AppClientGroupFacade.main(AppClientGroupFacade.java:65)

02-21-2020 16:03:38:  cleanup...
STATUS:Failed.Test case throws exception: ac_ssl_sslr_upn_noid_sb_testid0 failed
result: Failed. Test case throws exception: ac_ssl_sslr_upn_noid_sb_testid0 failed


test result: Failed. Test case throws exception: ac_ssl_sslr_upn_noid_sb_testid0 failed
</system-out>
</testcase>
  <testcase 
 name="ew_ssl_ssln_upn_anonid_sb_sb_testid3"
 classname="com.sun.ts.tests.interop.csiv2.ew_ssl_ssln_upn_anonid.forward.Client"
 time="11"
 status="Failed"
>
<failure type="AssertionFailure" message="test result: Failed. Test case throws exception: ew_ssl_ssln_upn_anonid_sb_sb_testid3 failed">test result: Failed. Test case throws exception: ew_ssl_ssln_upn_anonid_sb_sb_testid3 failed</failure>
<system-out>
#Test Results (version 2)
#Fri Feb 21 16:24:38 GMT 2020
#-----testdescription-----
$file=/CI/workspace/TCK-Suite/cts_home/jakartaeetck/src/com/sun/ts/tests/interop/csiv2/ew_ssl_ssln_upn_anonid/forward/Client.java
$root=/CI/workspace/TCK-Suite/cts_home/jakartaeetck/src
assertion_ids=CSIv2\:SPEC\:43  See assertion html documents.\nEJB\:SPEC\:740  EJB containers must be capable of inserting the CSIv2 tagged components\n     into the IORs for EJBObject and EJBHome references, based on the deployer \n     or administrator&apos;s security policy settings.\n     EJB containers must follow the Conformance Level 0 rules described in \n     the CSIv2 specification for constructing these IORs\nEJB\:SPEC\:742  In scenarios where client authentication does not occur at the\n     transport layer it is necessary to support transfer of authentication data \n     between two containers in the IIOP message service context.  When an\n     intermediate client container does not have authentication data for the \n     initiating client, it is necessary to support propagation of client\n     principals in the IIOP message service context\nEJB\:SPEC\:746  Case 3\:  Invocations from Web/EJB clients to enterprise beans with a trust\n\t  relationship between the cli-ent container S1 and server container S2 \n\t  (scenarios 1,3 and 4 in section 15.3.3, interoperability requirements\n\t  five and six in section 15.4).  S2 does not need to independently \n\t  authenticate the initiating client C.  In this case the client\n\t  container S1 must insert into the IIOP message a secu-rity context \n\t  with an identity token in the format described in the CSIv2\n\t  specification.  The prin-cipal may be propagated as an X.509 \n\t  certificate ch ain or as a X.501 distinguished name or as a principal\n\t  name encoded in the GSS exported name format, as described in the \n\t  CSIv2 specifica-tion.  The identity propagated is determined as\n\t  follows\:  &quot; If the client Web/EJB component is configured to use \n\t  caller identity, and the caller C authenticated itself to S1, then the\n\t  identity token contains the initiating client C s identity.  &quot; If the \n\t  client component is configured to use caller identity, and the caller\n\t  C did not authenticate itself to S1, then the identity token contains \n\t  the anonymous type.  &quot; If the client component is configured to use a\n\t  run-as identity then the identity token contains the run-as identity.\nEJB\:SPEC\:750  Client containers determine whether to use SSL for an enterprise bean\n     invocation by using the security policies configured by the client \n     administrator for interactions with the target host or enterprise bean, and\n     the target_requires information in the CSIv2 tagged component in the target \n     enterprise bean&apos;s IOR.\nEJB\:SPEC\:751  If either the client configuration requires secure interactions with\n     the enterprise bean, or the enterprise bean requires a secure transport, \n     the client should initiate an SSL connection to the server.  The client\n     must follow the rules described in the CSIv2 specification Conformance \n     Level 0 for interpreting security information in IORs and including\n     security context information in IIOP messages
classname=com.sun.ts.tests.interop.csiv2.ew_ssl_ssln_upn_anonid.forward.Client
direction=forward
finder=cts
id=ew_ssl_ssln_upn_anonid_sb_sb_testid3
keywords=all csiv2 javaee ew_ssl_ssln_upn_anonid_sb_sb_testid3 novehicle forward
service_eetest=no
testName=ew_ssl_ssln_upn_anonid_sb_sb_testid3
testProps=\ org.omg.CORBA.ORBClass  java.naming.factory.initial  generateSQL  webServerHost  webServerPort
test_directory=com/sun/ts/tests/interop/csiv2/ew_ssl_ssln_upn_anonid/forward

#-----environment-----
EJBServer1TxInteropEnabled=true
EJBServer2TxInteropEnabled=true
JAVA_HOME=/usr/lib/jvm/zulu-8-amd64/jre
SYSTEMROOT=${env.SystemRoot}
TMP=${env.TMP}
bin.dir=/CI/workspace/TCK-Suite/cts_home/jakartaeetck/bin/xml/../../bin
command.testExecuteAppClient=com.sun.ts.lib.harness.ExecTSTestCmd DISPLAY\=${ts.display} HOME\=&quot;${user.home}&quot; LD_LIBRARY_PATH\=${javaee.home}/lib TMP\=${TMP} windir\=${windir} SYSTEMROOT\=${SYSTEMROOT} PATH\=&quot;${javaee.home}/nativelib&quot; APPCPATH\=${ts.home}/lib/tsharness.jar${pathsep}${ts.home}/lib/cts.jar${pathsep}${javaee.home}/lib/jpa_alternate_provider.jar${pathsep}${ts.home}/lib/tssv.jar${pathsep}${javaee.home}/modules/weld-osgi-bundle.jar${pathsep}${javaee.home}/modules/cdi-api.jar TZ\=${tz} ${JAVA_HOME}/bin/java -Xbootclasspath/p\:${javaee.home}/modules/jakarta.annotation-api.jar -Djava.system.class.loader\=org.glassfish.appclient.client.acc.agent.ACCAgentClassLoader  -Djava.security.policy\=${javaee.home}/lib/appclient/client.policy -Dcts.tmp\=$harness.temp.directory -Djava.security.auth.login.config\=${javaee.home}/lib/appclient/appclientlogin.conf -Djava.protocol.handler.pkgs\=javax.net.ssl -Dcom.sun.enterprise.home\=${javaee.home} -Djavax.net.ssl.keyStore\=${bin.dir}/certificates/clientcert.jks -Djavax.net.ssl.keyStorePassword\=changeit -Dcom.sun.aas.installRoot\=${javaee.home} -Dcom.sun.aas.imqLib\=${javaee.home}/../mq/lib -Djavax.net.ssl.trustStore\=${s1as.domain}/${sjsas.instance.config.dir}/cacerts.jks -Djava.endorsed.dirs\=${s1as.java.endorsed.dirs} -Djavax.xml.parsers.SAXParserFactory\=com.sun.org.apache.xerces.internal.jaxp.SAXParserFactoryImpl -Djavax.xml.parsers.DocumentBuilderFactory\=com.sun.org.apache.xerces.internal.jaxp.DocumentBuilderFactoryImpl -Djavax.xml.transform.TransformerFactory\=com.sun.org.apache.xalan.internal.xsltc.trax.TransformerFactoryImpl -Dorg.xml.sax.driver\=com.sun.org.apache.xerces.internal.parsers.SAXParser -Dorg.xml.sax.parser\=org.xml.sax.helpers.XMLReaderAdapter -Doracle.jdbc.J2EE13Compliant\=true -Doracle.jdbc.mapDateToTimestamp -Djava.security.manager -Djava.security.manager -Dstartup.login\=false -Dauth.gui\=false -Dlog.file.location\=${log.file.location} -Dri.log.file.location\=${ri.log.file.location} -DwebServerHost.2\=${webServerHost.2} -DwebServerPort.2\=${webServerPort.2} -Dprovider.configuration.file\=${provider.configuration.file} -Djava.security.properties\=${s1as.domain}/${sjsas.instance.config.dir}/ts.java.security -Djava.ext.dirs\=${s1as.lib}/jdbcdrivers${pathsep}${JAVA_HOME}/lib/ext${pathsep}${JAVA_HOME}/jre/lib/ext${pathsep}${javaee.home}/lib/jdbcdrivers${pathsep}${javaee.home}/javadb/lib -Dcom.sun.aas.configRoot\=${javaee.home}/config -Ddeliverable.class\=${deliverable.class} -javaagent\:${javaee.home}/lib/gf-client.jar\=arg\=-configxml,arg\=${ts.home}/tmp/appclient/s1as.sun-acc.xml,client\=jar\=$testExecuteArgs
deliverable.class=com.sun.ts.lib.deliverable.cts.CTSDeliverable
deployManagerJarFile.1=${javaee.home}/lib/deployment/sun-as-jsr88-dm.jar
deployManagerJarFile.2=${javaee.home.ri}/lib/deployment/sun-as-jsr88-dm.jar
deployManagerpasswd.1=${s1as.admin.passwd}
deployManagerpasswd.2=${ri.admin.passwd}
deployManageruname.1=${s1as.admin.user}
deployManageruname.2=${ri.admin.user}
deployManageruri.1=deployer\:Sun\:AppServer\:\:${deployment_host.1}\:${s1as.admin.port}
deployManageruri.2=deployer\:Sun\:AppServer\:\:${deployment_host.2}\:${ri.admin.port}
deployment_host.1=${orb.host}
deployment_host.2=${orb.host.ri}
deployment_port.1=${impl.vi.port}
deployment_port.2=${impl.ri.port}
derby.dbName=derbyDB
derby.driver=org.apache.derby.jdbc.ClientDriver
derby.passwd=cts1
derby.port=1527
derby.server=${orb.host}
derby.url=jdbc\:derby\://${derby.server}\:${derby.port}/${derby.dbName};create\=true
derby.user=cts1
endorsed.dirs=${javaee.home}/modules/endorsed
harness.executeMode=0
harness.log.delayseconds=1
harness.log.port=2000
harness.log.traceflag=false
harness.socket.retry.count=10
harness.temp.directory=${ts.home}/tmp
http.server.supports.endpoint.publish=false
http.server.supports.endpoint.publish.2=false
impl.ri.port=${ri.admin.port}
impl.vi.port=${s1as.admin.port}
java.naming.factory.initial=foo
javaee.home=/CI/workspace/TCK-Suite/cts_home/vi/payara5/glassfish
javaee.home.ri=/CI/workspace/TCK-Suite/cts_home/ri/glassfish5/glassfish
javaee.level=full jaxr jaxrpc javaeedeploy
javax.persistence.jdbc.driver=${derby.driver}
javax.persistence.jdbc.password=${derby.passwd}
javax.persistence.jdbc.url=${derby.url}
javax.persistence.jdbc.user=${derby.user}
javax.persistence.provider=org.eclipse.persistence.jpa.PersistenceProvider
jpa.provider.implementation.specific.properties=eclipselink.logging.level\=OFF
log.file.location=${vi.log.file.location}
namingServiceHost1=${orb.host}
namingServiceHost2=${orb.host.ri}
namingServicePort1=${orb.port}
namingServicePort2=${orb.port.ri}
orb.host=localhost
orb.host.ri=localhost
orb.port=3699
orb.port.ri=3701
org.omg.CORBA.ORBClass=foo
password1=${derby.passwd}
password2=${derby.passwd}
pathsep=\:
persistence.second.level.caching.supported=true
persistence.unit.name=CTS-EM
persistence.unit.name.2=JPATCK2
platform.mode=javaEE
porting.ts.HttpsURLConnection.class.1=com.sun.ts.lib.implementation.sun.javaee.SunRIHttpsURLConnection
porting.ts.HttpsURLConnection.class.2=com.sun.ts.lib.implementation.sun.javaee.SunRIHttpsURLConnection
porting.ts.deploy.class.1=com.sun.ts.lib.implementation.sun.javaee.glassfish.AutoDeployment
porting.ts.deploy.class.2=com.sun.ts.lib.implementation.sun.javaee.glassfish.AutoDeploymentSeparateVM
porting.ts.deploy2.class.1=com.sun.ts.lib.implementation.sun.javaee.SunRIDeployment2
porting.ts.deploy2.class.2=com.sun.ts.lib.implementation.sun.javaee.SunRIDeployment2
porting.ts.jms.class.1=com.sun.ts.lib.implementation.sun.javaee.SunRIJMSAdmin
porting.ts.jms.class.2=com.sun.ts.lib.implementation.sun.javaee.SunRIJMSAdmin
porting.ts.login.class.1=com.sun.ts.lib.implementation.sun.javaee.SunRILoginContext
porting.ts.login.class.2=com.sun.ts.lib.implementation.sun.javaee.SunRILoginContext
porting.ts.url.class.1=com.sun.ts.lib.implementation.sun.common.SunRIURL
porting.ts.url.class.2=com.sun.ts.lib.implementation.sun.common.SunRIURL
provider.configuration.file=${javaee.home}/domains/domain1/config/ProviderConfiguration.xml
ri.admin.passwd=adminadmin
ri.admin.port=5858
ri.admin.user=admin
ri.domain=${ri.domain.dir}/${ri.domain.name}
ri.domain.dir=${javaee.home.ri}/domains
ri.domain.name=domain1
ri.log.file.location=${ri.domain}/logs
s1as.admin.passwd=adminadmin
s1as.admin.port=4848
s1as.admin.user=admin
s1as.domain=${s1as.domain.dir}/${s1as.domain.name}
s1as.domain.dir=${javaee.home}/domains
s1as.domain.name=domain1
s1as.java.endorsed.dirs=${endorsed.dirs}
s1as.lib=${javaee.home}/lib
securedWebServicePort=1044
securedWebServicePort.2=1045
sjsas.instance.config.dir=config
ts.display=\:0.0
ts.home=/CI/workspace/TCK-Suite/cts_home/jakartaeetck/bin/xml/../..
tz=UTC
user.home=/home/jenkins
user1=${derby.user}
user2=${derby.user}
variable.mapper=com.sun.el.lang.VariableMapperImpl
vi.admin.passwd=
vi.admin.user=admin
vi.domain=${vi.domain.dir}/${vi.domain.name}
vi.domain.dir=${javaee.home}/domains
vi.domain.name=domain1
vi.log.file.location=${vi.domain}/logs
webServerHost=${orb.host}
webServerHost.2=${orb.host.ri}
webServerPort=8001
webServerPort.2=8002
windir=${env.windir}
wsdlRepository1=${harness.temp.directory}/wsdlRepository1
wsdlRepository2=${harness.temp.directory}/wsdlRepository2

#-----testresult-----
description=file\:/CI/workspace/TCK-Suite/cts_home/jakartaeetck/src/com/sun/ts/tests/interop/csiv2/ew_ssl_ssln_upn_anonid/forward/Client.java\#ew_ssl_ssln_upn_anonid_sb_sb_testid3
end=Fri Feb 21 16\:24\:38 GMT 2020
environment=ts_unix
execStatus=Failed. Test case throws exception\: ew_ssl_ssln_upn_anonid_sb_sb_testid3 failed
harnessLoaderMode=Classpath Loader
harnessVariety=Full Bundle
javatestOS=Linux 5.3.0-28-generic (amd64)
javatestVersion=5.0
script=com.sun.ts.lib.harness.TSScript
sections=script_messages Deployment TestRun
start=Fri Feb 21 16\:24\:27 GMT 2020
test=com/sun/ts/tests/interop/csiv2/ew_ssl_ssln_upn_anonid/forward/Client.java\#ew_ssl_ssln_upn_anonid_sb_sb_testid3
timeoutSeconds=1200
totalTime=10946
work=/CI/workspace/TCK-Suite/cts_home/jakartaeetck-work/interop_csiv2/com/sun/ts/tests/interop/csiv2/ew_ssl_ssln_upn_anonid/forward

#section:script_messages
----------messages:(0/0)----------

#section:Deployment
----------messages:(0/0)----------
----------log:(34/2536)----------
Deploying apps for reverse run...
AutoDeployment.isDeployed()
AutoDeployment.undeploy()
AutoDeployment.isDeployed()
AutoDeployment.undeploy()
ss:  modified runtime.xml
Undeploying apps...
AutoDeployment.isDeployed()
AutoDeployment.isDeployed()
Search for s1as runtime files match:`interop_csiv2_ew_ssl_ssln_upn_anonid_f.ear`
Valid runtime files after sweep:
/CI/workspace/TCK-Suite/cts_home/jakartaeetck/bin/xml/../../dist/com/sun/ts/tests/interop/csiv2/ew_ssl_ssln_upn_anonid/forward/interop_csiv2_ew_ssl_ssln_upn_anonid_f.ear.sun-application.xml
/CI/workspace/TCK-Suite/cts_home/jakartaeetck/bin/xml/../../dist/com/sun/ts/tests/interop/csiv2/ew_ssl_ssln_upn_anonid/forward/interop_csiv2_ew_ssl_ssln_upn_anonid_f_client.jar.sun-application-client.xml
/CI/workspace/TCK-Suite/cts_home/jakartaeetck/bin/xml/../../dist/com/sun/ts/tests/interop/csiv2/ew_ssl_ssln_upn_anonid/forward/interop_csiv2_ew_ssl_ssln_upn_anonid_f_ejb.jar.sun-ejb-jar.xml
/CI/workspace/TCK-Suite/cts_home/jakartaeetck/bin/xml/../../dist/com/sun/ts/tests/interop/csiv2/ew_ssl_ssln_upn_anonid/forward/interop_csiv2_ew_ssl_ssln_upn_anonid_f_web.war.sun-web.xml
Search for s1as runtime files match:`interop_csiv2_ew_ssl_ssln_upn_anonid_f_j2ee2.ear`
Valid runtime files after sweep:
/CI/workspace/TCK-Suite/cts_home/jakartaeetck/bin/xml/../../dist/com/sun/ts/tests/interop/csiv2/ew_ssl_ssln_upn_anonid/forward/interop_csiv2_ew_ssl_ssln_upn_anonid_f_j2ee2_ejb.jar.sun-ejb-jar.xml
Deploying apps...
Search for s1as runtime files match:`interop_csiv2_ew_ssl_ssln_upn_anonid_f.ear`
Valid runtime files after sweep:
/CI/workspace/TCK-Suite/cts_home/jakartaeetck/bin/xml/../../tmp/interop_csiv2_ew_ssl_ssln_upn_anonid_f.ear.sun-application.xml
/CI/workspace/TCK-Suite/cts_home/jakartaeetck/bin/xml/../../tmp/interop_csiv2_ew_ssl_ssln_upn_anonid_f_client.jar.sun-application-client.xml
/CI/workspace/TCK-Suite/cts_home/jakartaeetck/bin/xml/../../tmp/interop_csiv2_ew_ssl_ssln_upn_anonid_f_ejb.jar.sun-ejb-jar.xml
/CI/workspace/TCK-Suite/cts_home/jakartaeetck/bin/xml/../../tmp/interop_csiv2_ew_ssl_ssln_upn_anonid_f_web.war.sun-web.xml
getAppNameFromApplicationXML() returning &quot;null&quot;
V3Deployment sPropNum = 1
V3Deployment uname:  admin
V3Deployment passwd:  adminadmin
V3Deployment host:  localhost
V3Deployment port:  4848
Search for s1as runtime files match:`interop_csiv2_ew_ssl_ssln_upn_anonid_f_j2ee2.ear`
Valid runtime files after sweep:
/CI/workspace/TCK-Suite/cts_home/jakartaeetck/bin/xml/../../tmp/interop_csiv2_ew_ssl_ssln_upn_anonid_f_j2ee2_ejb.jar.sun-ejb-jar.xml
result: Passed. Deployment phase completed. However, check the output above to see if actual deployment passed or failed.

#section:TestRun
----------messages:(1/4228)----------
command: com.sun.ts.lib.harness.ExecTSTestCmd DISPLAY=:0.0 HOME=/home/jenkins LD_LIBRARY_PATH=/CI/workspace/TCK-Suite/cts_home/vi/payara5/glassfish/lib TMP= windir= SYSTEMROOT= PATH=/CI/workspace/TCK-Suite/cts_home/vi/payara5/glassfish/nativelib APPCPATH=/CI/workspace/TCK-Suite/cts_home/jakartaeetck/bin/xml/../../lib/tsharness.jar:/CI/workspace/TCK-Suite/cts_home/jakartaeetck/bin/xml/../../lib/cts.jar:/CI/workspace/TCK-Suite/cts_home/vi/payara5/glassfish/lib/jpa_alternate_provider.jar:/CI/workspace/TCK-Suite/cts_home/jakartaeetck/bin/xml/../../lib/tssv.jar:/CI/workspace/TCK-Suite/cts_home/vi/payara5/glassfish/modules/weld-osgi-bundle.jar:/CI/workspace/TCK-Suite/cts_home/vi/payara5/glassfish/modules/cdi-api.jar TZ=UTC /usr/lib/jvm/zulu-8-amd64/jre/bin/java -Xbootclasspath/p:/CI/workspace/TCK-Suite/cts_home/vi/payara5/glassfish/modules/jakarta.annotation-api.jar -Djava.system.class.loader=org.glassfish.appclient.client.acc.agent.ACCAgentClassLoader -Djava.security.policy=/CI/workspace/TCK-Suite/cts_home/vi/payara5/glassfish/lib/appclient/client.policy -Dcts.tmp=/CI/workspace/TCK-Suite/cts_home/jakartaeetck/bin/xml/../../tmp -Djava.security.auth.login.config=/CI/workspace/TCK-Suite/cts_home/vi/payara5/glassfish/lib/appclient/appclientlogin.conf -Djava.protocol.handler.pkgs=javax.net.ssl -Dcom.sun.enterprise.home=/CI/workspace/TCK-Suite/cts_home/vi/payara5/glassfish -Djavax.net.ssl.keyStore=/CI/workspace/TCK-Suite/cts_home/jakartaeetck/bin/xml/../../bin/certificates/clientcert.jks -Djavax.net.ssl.keyStorePassword=changeit -Dcom.sun.aas.installRoot=/CI/workspace/TCK-Suite/cts_home/vi/payara5/glassfish -Dcom.sun.aas.imqLib=/CI/workspace/TCK-Suite/cts_home/vi/payara5/glassfish/../mq/lib -Djavax.net.ssl.trustStore=/CI/workspace/TCK-Suite/cts_home/vi/payara5/glassfish/domains/domain1/config/cacerts.jks -Djava.endorsed.dirs=/CI/workspace/TCK-Suite/cts_home/vi/payara5/glassfish/modules/endorsed -Djavax.xml.parsers.SAXParserFactory=com.sun.org.apache.xerces.internal.jaxp.SAXParserFactoryImpl -Djavax.xml.parsers.DocumentBuilderFactory=com.sun.org.apache.xerces.internal.jaxp.DocumentBuilderFactoryImpl -Djavax.xml.transform.TransformerFactory=com.sun.org.apache.xalan.internal.xsltc.trax.TransformerFactoryImpl -Dorg.xml.sax.driver=com.sun.org.apache.xerces.internal.parsers.SAXParser -Dorg.xml.sax.parser=org.xml.sax.helpers.XMLReaderAdapter -Doracle.jdbc.J2EE13Compliant=true -Doracle.jdbc.mapDateToTimestamp -Djava.security.manager -Djava.security.manager -Dstartup.login=false -Dauth.gui=false -Dlog.file.location=/CI/workspace/TCK-Suite/cts_home/vi/payara5/glassfish/domains/domain1/logs -Dri.log.file.location=/CI/workspace/TCK-Suite/cts_home/ri/glassfish5/glassfish/domains/domain1/logs -DwebServerHost.2=localhost -DwebServerPort.2=8002 -Dprovider.configuration.file=/CI/workspace/TCK-Suite/cts_home/vi/payara5/glassfish/domains/domain1/config/ProviderConfiguration.xml -Djava.security.properties=/CI/workspace/TCK-Suite/cts_home/vi/payara5/glassfish/domains/domain1/config/ts.java.security -Djava.ext.dirs=/CI/workspace/TCK-Suite/cts_home/vi/payara5/glassfish/lib/jdbcdrivers:/usr/lib/jvm/zulu-8-amd64/jre/lib/ext:/usr/lib/jvm/zulu-8-amd64/jre/jre/lib/ext:/CI/workspace/TCK-Suite/cts_home/vi/payara5/glassfish/lib/jdbcdrivers:/CI/workspace/TCK-Suite/cts_home/vi/payara5/glassfish/javadb/lib -Dcom.sun.aas.configRoot=/CI/workspace/TCK-Suite/cts_home/vi/payara5/glassfish/config -Ddeliverable.class=com.sun.ts.lib.deliverable.cts.CTSDeliverable -javaagent:/CI/workspace/TCK-Suite/cts_home/vi/payara5/glassfish/lib/gf-client.jar=arg=-configxml,arg=/CI/workspace/TCK-Suite/cts_home/jakartaeetck/bin/xml/../../tmp/appclient/s1as.sun-acc.xml,client=jar=/CI/workspace/TCK-Suite/cts_home/jakartaeetck/bin/xml/../../dist/com/sun/ts/tests/interop/csiv2/ew_ssl_ssln_upn_anonid/forward/ts_dep/interop_csiv2_ew_ssl_ssln_upn_anonid_fClient.jar,arg=-name,arg=interop_csiv2_ew_ssl_ssln_upn_anonid_f_client -jar /CI/workspace/TCK-Suite/cts_home/jakartaeetck/bin/xml/../../dist/com/sun/ts/tests/interop/csiv2/ew_ssl_ssln_upn_anonid/forward/ts_dep/interop_csiv2_ew_ssl_ssln_upn_anonid_fClient.jar -p /CI/workspace/TCK-Suite/cts_home/jakartaeetck/bin/xml/../../tmp/tstest.jte -t ew_ssl_ssln_upn_anonid_sb_sb_testid3
----------log:(342/26758)----------
Feb 21, 2020 4:24:30 PM org.glassfish.enterprise.iiop.api.GlassFishORBHelper postConstruct
INFO: GlassFishORBFactory service initialized.
************************************************************
* props file set to &quot;/tmp/jenkins-cts-props.txt&quot;
************************************************************
02-21-2020 16:24:32:  Setup
02-21-2020 16:24:32:  webServerHost = localhost
02-21-2020 16:24:32:  webServerPort = 8001
02-21-2020 16:24:32:  Setup ok
02-21-2020 16:24:32:  ew_ssl_ssln_upn_anonid_sb_sb_testid3
02-21-2020 16:24:33:  Client initiated.
02-21-2020 16:24:33:  LocalSessionBean (VI) ====&gt; RemoteSessionBean (RI).
02-21-2020 16:24:33:  CSIv2AppClient.invoke()
02-21-2020 16:24:33:  ------[  Begin invoke  ]-----
02-21-2020 16:24:33:  INVOKING java:comp/env/ejb/LocalSession
02-21-2020 16:24:36:  Calling sessionHome.create(p,true)
02-21-2020 16:24:36:  SVR: CSIv2SessionBean caller principal : ANONYMOUS
02-21-2020 16:24:36:  Received expected CreateException
02-21-2020 16:24:36:  Calling sessionHome.create(p,false)
02-21-2020 16:24:36:  sessionHome.create() successful
02-21-2020 16:24:36:  SVR: ------[  Begin invoke  ]-----
02-21-2020 16:24:36:  SVR: INVOKING java:comp/env/ejb/RemoteSession
02-21-2020 16:24:37:  SVR: Calling sessionHome.create(p,true)
[...]
classname=com.sun.ts.tests.interop.csiv2.ac_ssl_sslr_upn_noid.reverse.Client
direction=reverse
finder=cts
id=ac_ssl_sslr_upn_noid_sb_testid0_reverse
keywords=all csiv2 javaee ac_ssl_sslr_upn_noid_sb_testid0 novehicle reverse
service_eetest=no
testName=ac_ssl_sslr_upn_noid_sb_testid0
testProps=\ org.omg.CORBA.ORBClass  java.naming.factory.initial  generateSQL  certLoginUserAlias
test_directory=com/sun/ts/tests/interop/csiv2/ac_ssl_sslr_upn_noid/reverse

#-----environment-----
EJBServer1TxInteropEnabled=true
EJBServer2TxInteropEnabled=true
JAVA_HOME=/usr/lib/jvm/zulu-8-amd64/jre
SYSTEMROOT=${env.SystemRoot}
TMP=${env.TMP}
bin.dir=/CI/workspace/TCK-Suite/cts_home/jakartaeetck/bin/xml/../../bin
certLoginUserAlias=cts
command.testExecuteAppClient2=com.sun.ts.lib.harness.ExecTSTestCmd DISPLAY\=${ts.display} HOME\=&quot;${user.home}&quot; LD_LIBRARY_PATH\=${javaee.home.ri}/lib TMP\=${TMP} windir\=${windir} SYSTEMROOT\=${SYSTEMROOT} PATH\=&quot;${javaee.home.ri}/nativelib&quot; APPCPATH\=${ts.home}/lib/tsharness.jar${pathsep}${ts.home}/lib/cts.jar${pathsep}${ts.home}/lib/riinterceptors.jar TZ\=${tz} ${JAVA_HOME}/bin/java -Djava.system.class.loader\=org.glassfish.appclient.client.acc.agent.ACCAgentClassLoader -Djava.security.policy\=${javaee.home.ri}/lib/appclient/client.policy -Dcts.tmp\=$harness.temp.directory -Djava.security.auth.login.config\=${javaee.home.ri}/lib/appclient/appclientlogin.conf -Djava.protocol.handler.pkgs\=javax.net.ssl -Dcom.sun.enterprise.home\=${javaee.home.ri} -Djavax.net.ssl.keyStore\=${bin.dir}/certificates/clientcert.jks -Djavax.net.ssl.keyStorePassword\=changeit -Dcom.sun.aas.installRoot\=${javaee.home.ri} -Dcom.sun.aas.imqLib\=${javaee.home.ri}/../mq/lib -Djavax.net.ssl.trustStore\=${ri.domain}/config/cacerts.jks -Djava.endorsed.dirs\=${ri.java.endorsed.dirs} -Djavax.xml.parsers.SAXParserFactory\=com.sun.org.apache.xerces.internal.jaxp.SAXParserFactoryImpl -Djavax.xml.parsers.DocumentBuilderFactory\=com.sun.org.apache.xerces.internal.jaxp.DocumentBuilderFactoryImpl -Djavax.xml.transform.TransformerFactory\=com.sun.org.apache.xalan.internal.xsltc.trax.TransformerFactoryImpl -Dorg.xml.sax.driver\=com.sun.org.apache.xerces.internal.parsers.SAXParser -Dorg.xml.sax.parser\=org.xml.sax.helpers.XMLReaderAdapter -Doracle.jdbc.J2EE13Compliant\=true -Doracle.jdbc.mapDateToTimestamp -Djava.security.manager -Dstartup.login\=false -Dauth.gui\=false -Dlog.file.location\=${log.file.location} -Dri.log.file.location\=${ri.log.file.location} -DwebServerHost.2\=${webServerHost.2} -DwebServerPort.2\=${webServerPort.2} -Dprovider.configuration.file\=${provider.configuration.file} -Djava.security.properties\=${s1as.domain}/${sjsas.instance.config.dir}/ts.java.security -Dcom.sun.enterprise.iiop.security.interceptorFactory\=com.sun.ts.tests.interop.csiv2.common.LoggingSecRequestInterceptorFactory -Djava.ext.dirs\=${JAVA_HOME}/lib/ext${pathsep}${JAVA_HOME}/jre/lib/ext${pathsep}${javaee.home}/javadb/lib -Dcom.sun.aas.configRoot\=${javaee.home.ri}/config -Ddeliverable.class\=${deliverable.class} -javaagent\:${javaee.home.ri}/lib/gf-client.jar\=arg\=-configxml,arg\=${ts.home}/tmp/appclient/ri.sun-acc.xml,client\=jar\=$testExecuteArgs
deliverable.class=com.sun.ts.lib.deliverable.cts.CTSDeliverable
deployManagerJarFile.1=${javaee.home}/lib/deployment/sun-as-jsr88-dm.jar
deployManagerJarFile.2=${javaee.home.ri}/lib/deployment/sun-as-jsr88-dm.jar
deployManagerpasswd.1=${s1as.admin.passwd}
deployManagerpasswd.2=${ri.admin.passwd}
deployManageruname.1=${s1as.admin.user}
deployManageruname.2=${ri.admin.user}
deployManageruri.1=deployer\:Sun\:AppServer\:\:${deployment_host.1}\:${s1as.admin.port}
deployManageruri.2=deployer\:Sun\:AppServer\:\:${deployment_host.2}\:${ri.admin.port}
deployment_host.1=${orb.host}
deployment_host.2=${orb.host.ri}
deployment_port.1=${impl.vi.port}
deployment_port.2=${impl.ri.port}
derby.dbName=derbyDB
derby.driver=org.apache.derby.jdbc.ClientDriver
derby.passwd=cts1
derby.port=1527
derby.server=${orb.host}
derby.url=jdbc\:derby\://${derby.server}\:${derby.port}/${derby.dbName};create\=true
derby.user=cts1
endorsed.dirs.ri=${javaee.home.ri}/modules/endorsed
harness.executeMode=0
harness.log.delayseconds=1
harness.log.port=2000
harness.log.traceflag=false
harness.socket.retry.count=10
harness.temp.directory=${ts.home}/tmp
http.server.supports.endpoint.publish=false
http.server.supports.endpoint.publish.2=false
impl.ri.port=${ri.admin.port}
impl.vi.port=${s1as.admin.port}
java.naming.factory.initial=foo
javaee.home=/CI/workspace/TCK-Suite/cts_home/vi/payara5/glassfish
javaee.home.ri=/CI/workspace/TCK-Suite/cts_home/ri/glassfish5/glassfish
javaee.level=full jaxr jaxrpc javaeedeploy
javax.persistence.jdbc.driver=${derby.driver}
javax.persistence.jdbc.password=${derby.passwd}
javax.persistence.jdbc.url=${derby.url}
javax.persistence.jdbc.user=${derby.user}
javax.persistence.provider=org.eclipse.persistence.jpa.PersistenceProvider
jpa.provider.implementation.specific.properties=eclipselink.logging.level\=OFF
log.file.location=${vi.log.file.location}
mailFrom=user01@james.local
mailHost=localhost
namingServiceHost1=${orb.host}
namingServiceHost2=${orb.host.ri}
namingServicePort1=${orb.port}
namingServicePort2=${orb.port.ri}
orb.host=localhost
orb.host.ri=localhost
orb.port=3699
orb.port.ri=3701
org.omg.CORBA.ORBClass=foo
password1=${derby.passwd}
password2=${derby.passwd}
password3=${derby.passwd}
pathsep=\:
persistence.second.level.caching.supported=true
persistence.unit.name=CTS-EM
persistence.unit.name.2=JPATCK2
platform.mode=javaEE
porting.ts.HttpsURLConnection.class.1=com.sun.ts.lib.implementation.sun.javaee.SunRIHttpsURLConnection
porting.ts.HttpsURLConnection.class.2=com.sun.ts.lib.implementation.sun.javaee.SunRIHttpsURLConnection
porting.ts.deploy.class.1=com.sun.ts.lib.implementation.sun.javaee.glassfish.AutoDeployment
porting.ts.deploy.class.2=com.sun.ts.lib.implementation.sun.javaee.glassfish.AutoDeploymentSeparateVM
porting.ts.deploy2.class.1=com.sun.ts.lib.implementation.sun.javaee.SunRIDeployment2
porting.ts.deploy2.class.2=com.sun.ts.lib.implementation.sun.javaee.SunRIDeployment2
porting.ts.jms.class.1=com.sun.ts.lib.implementation.sun.javaee.SunRIJMSAdmin
porting.ts.jms.class.2=com.sun.ts.lib.implementation.sun.javaee.SunRIJMSAdmin
porting.ts.login.class.1=com.sun.ts.lib.implementation.sun.javaee.SunRILoginContext
porting.ts.login.class.2=com.sun.ts.lib.implementation.sun.javaee.SunRILoginContext
porting.ts.url.class.1=com.sun.ts.lib.implementation.sun.common.SunRIURL
porting.ts.url.class.2=com.sun.ts.lib.implementation.sun.common.SunRIURL
provider.configuration.file=${javaee.home}/domains/domain1/config/ProviderConfiguration.xml
rapassword1=cts1
rapassword2=cts2
rauser1=cts1
rauser2=cts2
ri.admin.passwd=adminadmin
ri.admin.port=5858
ri.admin.user=admin
ri.domain=${ri.domain.dir}/${ri.domain.name}
ri.domain.dir=${javaee.home.ri}/domains
ri.domain.name=domain1
ri.java.endorsed.dirs=${endorsed.dirs.ri}
ri.log.file.location=${ri.domain}/logs
s1as.admin.passwd=adminadmin
s1as.admin.port=4848
s1as.admin.user=admin
s1as.domain=${s1as.domain.dir}/${s1as.domain.name}
s1as.domain.dir=${javaee.home}/domains
s1as.domain.name=domain1
securedWebServicePort=1044
securedWebServicePort.2=1045
sjsas.instance.config.dir=config
ts.display=\:0.0
ts.home=/CI/workspace/TCK-Suite/cts_home/jakartaeetck/bin/xml/../..
ts_home=${ts.home}
tz=UTC
user.home=/home/jenkins
user1=${derby.user}
user2=${derby.user}
user3=${derby.user}
variable.mapper=com.sun.el.lang.VariableMapperImpl
vi.admin.passwd=
vi.admin.user=admin
vi.domain=${vi.domain.dir}/${vi.domain.name}
vi.domain.dir=${javaee.home}/domains
vi.domain.name=domain1
vi.log.file.location=${vi.domain}/logs
webServerHost=${orb.host}
webServerHost.2=${orb.host.ri}
webServerPort=8001
webServerPort.2=8002
windir=${env.windir}
wsdlRepository1=${harness.temp.directory}/wsdlRepository1
wsdlRepository2=${harness.temp.directory}/wsdlRepository2

#-----testresult-----
description=file\:/CI/workspace/TCK-Suite/cts_home/jakartaeetck/src/com/sun/ts/tests/interop/csiv2/ac_ssl_sslr_upn_noid/reverse/Client.java\#ac_ssl_sslr_upn_noid_sb_testid0_reverse
end=Fri Feb 21 16\:24\:03 GMT 2020
environment=ts_unix
execStatus=Error. test was interrupted\! (timeout?)
harnessLoaderMode=Classpath Loader
harnessVariety=Full Bundle
javatestOS=Linux 5.3.0-28-generic (amd64)
javatestVersion=5.0
script=com.sun.ts.lib.harness.TSScript
sections=script_messages Deployment TestRun
start=Fri Feb 21 16\:04\:03 GMT 2020
test=com/sun/ts/tests/interop/csiv2/ac_ssl_sslr_upn_noid/reverse/Client.java\#ac_ssl_sslr_upn_noid_sb_testid0_reverse
timeoutSeconds=1200
totalTime=1200338
work=/CI/workspace/TCK-Suite/cts_home/jakartaeetck-work/interop_csiv2/com/sun/ts/tests/interop/csiv2/ac_ssl_sslr_upn_noid/reverse

#section:script_messages
----------messages:(1/37)----------
Timeout signaled after 1,200 seconds

#section:Deployment
----------messages:(0/0)----------
----------log:(29/1783)----------
Undeploying apps...
AutoDeployment.isDeployed()
AutoDeployment.undeploy()
AutoDeployment.isDeployed()
AutoDeployment.undeploy()
ss:  modified runtime.xml
Deploying apps for reverse run...
AutoDeployment.isDeployed()
AutoDeployment.isDeployed()
Search for s1as runtime files match:`interop_csiv2_ac_ssl_sslr_upn_noid_r.ear`
Valid runtime files after sweep:
/CI/workspace/TCK-Suite/cts_home/jakartaeetck/bin/xml/../../dist/com/sun/ts/tests/interop/csiv2/ac_ssl_sslr_upn_noid/reverse/interop_csiv2_ac_ssl_sslr_upn_noid_r_client.jar.sun-application-client.xml
Search for s1as runtime files match:`interop_csiv2_ac_ssl_sslr_upn_noid_r_j2ee2.ear`
Valid runtime files after sweep:
/CI/workspace/TCK-Suite/cts_home/jakartaeetck/bin/xml/../../dist/com/sun/ts/tests/interop/csiv2/ac_ssl_sslr_upn_noid/reverse/interop_csiv2_ac_ssl_sslr_upn_noid_r_j2ee2_ejb.jar.sun-ejb-jar.xml
Deploying apps for reverse run...
Search for s1as runtime files match:`interop_csiv2_ac_ssl_sslr_upn_noid_r.ear`
Valid runtime files after sweep:
/CI/workspace/TCK-Suite/cts_home/jakartaeetck/bin/xml/../../tmp/interop_csiv2_ac_ssl_sslr_upn_noid_r_client.jar.sun-application-client.xml
Search for s1as runtime files match:`interop_csiv2_ac_ssl_sslr_upn_noid_r_j2ee2.ear`
Valid runtime files after sweep:
/CI/workspace/TCK-Suite/cts_home/jakartaeetck/bin/xml/../../tmp/interop_csiv2_ac_ssl_sslr_upn_noid_r_j2ee2_ejb.jar.sun-ejb-jar.xml
getAppNameFromApplicationXML() returning &quot;null&quot;
V3Deployment sPropNum = 2
V3Deployment uname:  admin
V3Deployment passwd:  adminadmin
V3Deployment host:  localhost
V3Deployment port:  4848
Swapped settings &amp; deployed apps to opposite servers for directory:  /CI/workspace/TCK-Suite/cts_home/jakartaeetck/bin/xml/../../dist/com/sun/ts/tests/interop/csiv2/ac_ssl_sslr_upn_noid/reverse
result: Passed. Deployment phase completed. However, check the output above to see if actual deployment passed or failed.

#section:TestRun
----------messages:(1/3869)----------
command: com.sun.ts.lib.harness.ExecTSTestCmd DISPLAY=:0.0 HOME=/home/jenkins LD_LIBRARY_PATH=/CI/workspace/TCK-Suite/cts_home/ri/glassfish5/glassfish/lib TMP= windir= SYSTEMROOT= PATH=/CI/workspace/TCK-Suite/cts_home/ri/glassfish5/glassfish/nativelib APPCPATH=/CI/workspace/TCK-Suite/cts_home/jakartaeetck/bin/xml/../../lib/tsharness.jar:/CI/workspace/TCK-Suite/cts_home/jakartaeetck/bin/xml/../../lib/cts.jar:/CI/workspace/TCK-Suite/cts_home/jakartaeetck/bin/xml/../../lib/riinterceptors.jar TZ=UTC /usr/lib/jvm/zulu-8-amd64/jre/bin/java -Djava.system.class.loader=org.glassfish.appclient.client.acc.agent.ACCAgentClassLoader -Djava.security.policy=/CI/workspace/TCK-Suite/cts_home/ri/glassfish5/glassfish/lib/appclient/client.policy -Dcts.tmp=/CI/workspace/TCK-Suite/cts_home/jakartaeetck/bin/xml/../../tmp -Djava.security.auth.login.config=/CI/workspace/TCK-Suite/cts_home/ri/glassfish5/glassfish/lib/appclient/appclientlogin.conf -Djava.protocol.handler.pkgs=javax.net.ssl -Dcom.sun.enterprise.home=/CI/workspace/TCK-Suite/cts_home/ri/glassfish5/glassfish -Djavax.net.ssl.keyStore=/CI/workspace/TCK-Suite/cts_home/jakartaeetck/bin/xml/../../bin/certificates/clientcert.jks -Djavax.net.ssl.keyStorePassword=changeit -Dcom.sun.aas.installRoot=/CI/workspace/TCK-Suite/cts_home/ri/glassfish5/glassfish -Dcom.sun.aas.imqLib=/CI/workspace/TCK-Suite/cts_home/ri/glassfish5/glassfish/../mq/lib -Djavax.net.ssl.trustStore=/CI/workspace/TCK-Suite/cts_home/ri/glassfish5/glassfish/domains/domain1/config/cacerts.jks -Djava.endorsed.dirs=/CI/workspace/TCK-Suite/cts_home/ri/glassfish5/glassfish/modules/endorsed -Djavax.xml.parsers.SAXParserFactory=com.sun.org.apache.xerces.internal.jaxp.SAXParserFactoryImpl -Djavax.xml.parsers.DocumentBuilderFactory=com.sun.org.apache.xerces.internal.jaxp.DocumentBuilderFactoryImpl -Djavax.xml.transform.TransformerFactory=com.sun.org.apache.xalan.internal.xsltc.trax.TransformerFactoryImpl -Dorg.xml.sax.driver=com.sun.org.apache.xerces.internal.parsers.SAXParser -Dorg.xml.sax.parser=org.xml.sax.helpers.XMLReaderAdapter -Doracle.jdbc.J2EE13Compliant=true -Doracle.jdbc.mapDateToTimestamp -Djava.security.manager -Dstartup.login=false -Dauth.gui=false -Dlog.file.location=/CI/workspace/TCK-Suite/cts_home/vi/payara5/glassfish/domains/domain1/logs -Dri.log.file.location=/CI/workspace/TCK-Suite/cts_home/ri/glassfish5/glassfish/domains/domain1/logs -DwebServerHost.2=localhost -DwebServerPort.2=8002 -Dprovider.configuration.file=/CI/workspace/TCK-Suite/cts_home/vi/payara5/glassfish/domains/domain1/config/ProviderConfiguration.xml -Djava.security.properties=/CI/workspace/TCK-Suite/cts_home/vi/payara5/glassfish/domains/domain1/config/ts.java.security -Dcom.sun.enterprise.iiop.security.interceptorFactory=com.sun.ts.tests.interop.csiv2.common.LoggingSecRequestInterceptorFactory -Djava.ext.dirs=/usr/lib/jvm/zulu-8-amd64/jre/lib/ext:/usr/lib/jvm/zulu-8-amd64/jre/jre/lib/ext:/CI/workspace/TCK-Suite/cts_home/vi/payara5/glassfish/javadb/lib -Dcom.sun.aas.configRoot=/CI/workspace/TCK-Suite/cts_home/ri/glassfish5/glassfish/config -Ddeliverable.class=com.sun.ts.lib.deliverable.cts.CTSDeliverable -javaagent:/CI/workspace/TCK-Suite/cts_home/ri/glassfish5/glassfish/lib/gf-client.jar=arg=-configxml,arg=/CI/workspace/TCK-Suite/cts_home/jakartaeetck/bin/xml/../../tmp/appclient/ri.sun-acc.xml,client=jar=/CI/workspace/TCK-Suite/cts_home/jakartaeetck/bin/xml/../../dist/com/sun/ts/tests/interop/csiv2/ac_ssl_sslr_upn_noid/reverse/ts_dep/interop_csiv2_ac_ssl_sslr_upn_noid_rClient.jar,arg=-name,arg=interop_csiv2_ac_ssl_sslr_upn_noid_r_client -jar /CI/workspace/TCK-Suite/cts_home/jakartaeetck/bin/xml/../../dist/com/sun/ts/tests/interop/csiv2/ac_ssl_sslr_upn_noid/reverse/ts_dep/interop_csiv2_ac_ssl_sslr_upn_noid_rClient.jar -p /CI/workspace/TCK-Suite/cts_home/jakartaeetck/bin/xml/../../tmp/tstest.jte -t ac_ssl_sslr_upn_noid_sb_testid0
----------log:(11/589)----------
************************************************************
* props file set to &quot;/tmp/jenkins-cts-props.txt&quot;
************************************************************
02-21-2020 16:04:08:  setup...
02-21-2020 16:04:08:  ac_ssl_sslr_upn_noid_sb_testid0_reverse
02-21-2020 16:04:08:  Client initiated.
02-21-2020 16:04:08:  AppClient (RI) ====&gt; RemoteSessionBean (VI).
02-21-2020 16:04:08:  CSIv2AppClient.invoke()
02-21-2020 16:04:08:  ------[  Begin invoke  ]-----
02-21-2020 16:04:08:  INVOKING java:comp/env/ejb/RemoteSession
02-21-2020 16:04:12:  Calling sessionHome.create(p,true)
result: Error. Program `/usr/lib/jvm/zulu-8-amd64/jre/bin/java&apos; interrupted! (timed out?)


test result: Error. test was interrupted! (timeout?)
</system-out>
</testcase>
  <testcase 
 name="ac_ssl_ssln_upr_noid_sb_testid2_reverse"
 classname="com.sun.ts.tests.interop.csiv2.ac_ssl_ssln_upr_noid.reverse.Client"
 time="11"
 status="Passed"
>
<system-out>
/CI/workspace/TCK-Suite/cts_home/jakartaeetck-work/interop_csiv2/com/sun/ts/tests/interop/csiv2/ac_ssl_ssln_upr_noid/reverse/Client_ac_ssl_ssln_upr_noid_sb_testid2_reverse.jtr
</system-out>
</testcase>
  <testcase 
 name="ew_ssln_ssln_upn_anonid_sb_sb_testid4"
 classname="com.sun.ts.tests.interop.csiv2.ew_ssln_ssln_upn_anonid.forward.Client"
 time="11"
 status="Passed"
>
<system-out>
/CI/workspace/TCK-Suite/cts_home/jakartaeetck-work/interop_csiv2/com/sun/ts/tests/interop/csiv2/ew_ssln_ssln_upn_anonid/forward/Client_ew_ssln_ssln_upn_anonid_sb_sb_testid4.jtr
</system-out>
</testcase>
  <testcase 
 name="ew_ssln_ssln_upn_anonid_wb_sb_testid4"
 classname="com.sun.ts.tests.interop.csiv2.ew_ssln_ssln_upn_anonid.forward.Client"
 time="7"
 status="Passed"
>
<system-out>
/CI/workspace/TCK-Suite/cts_home/jakartaeetck-work/interop_csiv2/com/sun/ts/tests/interop/csiv2/ew_ssln_ssln_upn_anonid/forward/Client_ew_ssln_ssln_upn_anonid_wb_sb_testid4.jtr
</system-out>
</testcase>
  <testcase 
 name="ew_ssln_ssln_upn_ccid_sb_sb_testid4a"
 classname="com.sun.ts.tests.interop.csiv2.ew_ssln_ssln_upn_ccid.forward.Client"
 time="11"
 status="Passed"
>
<system-out>
/CI/workspace/TCK-Suite/cts_home/jakartaeetck-work/interop_csiv2/com/sun/ts/tests/interop/csiv2/ew_ssln_ssln_upn_ccid/forward/Client_ew_ssln_ssln_upn_ccid_sb_sb_testid4a.jtr
</system-out>
</testcase>
  <testcase 
 name="ew_ssln_ssln_upn_ccid_wb_sb_testid4a"
 classname="com.sun.ts.tests.interop.csiv2.ew_ssln_ssln_upn_ccid.forward.Client"
 time="8"
 status="Passed"
>
<system-out>
/CI/workspace/TCK-Suite/cts_home/jakartaeetck-work/interop_csiv2/com/sun/ts/tests/interop/csiv2/ew_ssln_ssln_upn_ccid/forward/Client_ew_ssln_ssln_upn_ccid_wb_sb_testid4a.jtr
</system-out>
</testcase>
  <testcase 
 name="ew_ssln_ssln_upn_upid_sb_sb_testid6"
 classname="com.sun.ts.tests.interop.csiv2.ew_ssln_ssln_upn_upid.forward.Client"
 time="10"
 status="Passed"
>
<system-out>
/CI/workspace/TCK-Suite/cts_home/jakartaeetck-work/interop_csiv2/com/sun/ts/tests/interop/csiv2/ew_ssln_ssln_upn_upid/forward/Client_ew_ssln_ssln_upn_upid_sb_sb_testid6.jtr
</system-out>
</testcase>
  <testcase 
 name="ew_ssln_ssln_upn_upid_wb_sb_testid6"
 classname="com.sun.ts.tests.interop.csiv2.ew_ssln_ssln_upn_upid.forward.Client"
 time="8"
 status="Passed"
>
<system-out>
/CI/workspace/TCK-Suite/cts_home/jakartaeetck-work/interop_csiv2/com/sun/ts/tests/interop/csiv2/ew_ssln_ssln_upn_upid/forward/Client_ew_ssln_ssln_upn_upid_wb_sb_testid6.jtr
</system-out>
</testcase>
</testsuite>
